[0623/175050.472:ERROR:process_reader_win.cc(123)] NtOpenThread: {无法访问} 过程已请求访问一对象，但未给访问权限。 (0xc0000022)
[0623/175050.472:ERROR:exception_snapshot_win.cc(98)] thread ID 20820 not found in process
[0623/175050.487:ERROR:process_reader_win.cc(123)] NtOpenThread: {无法访问} 过程已请求访问一对象，但未给访问权限。 (0xc0000022)
[0623/175050.487:ERROR:exception_snapshot_win.cc(98)] thread ID 23020 not found in process
[0623/175630.586:ERROR:process_reader_win.cc(123)] NtOpenThread: {无法访问} 过程已请求访问一对象，但未给访问权限。 (0xc0000022)
[0623/175630.586:ERROR:exception_snapshot_win.cc(98)] thread ID 11080 not found in process
[0623/175630.602:ERROR:process_reader_win.cc(123)] NtOpenThread: {无法访问} 过程已请求访问一对象，但未给访问权限。 (0xc0000022)
[0623/175632.408:ERROR:exception_snapshot_win.cc(98)] thread ID 17352 not found in process
[0623/192517.477:ERROR:process_reader_win.cc(123)] NtOpenThread: {无法访问} 过程已请求访问一对象，但未给访问权限。 (0xc0000022)
[0623/192517.477:ERROR:exception_snapshot_win.cc(98)] thread ID 7696 not found in process
[0623/192517.477:ERROR:process_reader_win.cc(123)] NtOpenThread: {无法访问} 过程已请求访问一对象，但未给访问权限。 (0xc0000022)
[0623/192517.477:ERROR:exception_snapshot_win.cc(98)] thread ID 21216 not found in process
[0623/192749.289:ERROR:process_reader_win.cc(123)] NtOpenThread: {无法访问} 过程已请求访问一对象，但未给访问权限。 (0xc0000022)
[0623/192749.304:ERROR:exception_snapshot_win.cc(98)] thread ID 12484 not found in process
[0623/192749.304:ERROR:process_reader_win.cc(123)] NtOpenThread: {无法访问} 过程已请求访问一对象，但未给访问权限。 (0xc0000022)
[0623/192749.304:ERROR:exception_snapshot_win.cc(98)] thread ID 1372 not found in process
[0623/215418.738:ERROR:process_reader_win.cc(151)] SuspendThread: 拒绝访问。 (0x5)
[0623/215418.771:ERROR:process_reader_win.cc(123)] NtOpenThread: 指定无效的客户端 ID。 (0xc000000b)
[0623/215418.771:ERROR:process_reader_win.cc(123)] NtOpenThread: 指定无效的客户端 ID。 (0xc000000b)
[0623/215418.771:ERROR:exception_snapshot_win.cc(98)] thread ID 26336 not found in process
[0623/215418.772:ERROR:scoped_process_suspend.cc(40)] NtResumeProcess: 已尝试访问正在退出的过程。 (0xc000010a)
[0623/215424.322:ERROR:process_reader_win.cc(123)] NtOpenThread: {无法访问} 过程已请求访问一对象，但未给访问权限。 (0xc0000022)
[0623/215424.322:ERROR:exception_snapshot_win.cc(98)] thread ID 14976 not found in process
[0623/230654.618:ERROR:process_memory_win.cc(73)] ReadMemory at 0x7ff722280000 of 64 bytes failed: 仅完成部分的 ReadProcessMemory 或 WriteProcessMemory 请求。 (0x12B)
[0623/230654.649:WARNING:pe_image_reader.cc(340)] could not read dos header from C:\Program Files (x86)\Google\Chrome\Application\chrome.exe
[0623/230654.649:ERROR:process_memory_win.cc(73)] ReadMemory at 0x7ffb47dc0000 of 64 bytes failed: 仅完成部分的 ReadProcessMemory 或 WriteProcessMemory 请求。 (0x12B)
[0623/230654.649:WARNING:pe_image_reader.cc(340)] could not read dos header from C:\WINDOWS\SYSTEM32\ntdll.dll
[0623/230654.649:ERROR:process_memory_win.cc(73)] ReadMemory at 0x7ffb45f90000 of 64 bytes failed: 仅完成部分的 ReadProcessMemory 或 WriteProcessMemory 请求。 (0x12B)
[0623/230654.649:WARNING:pe_image_reader.cc(340)] could not read dos header from C:\WINDOWS\System32\KERNEL32.DLL
[0623/230654.649:ERROR:process_memory_win.cc(73)] ReadMemory at 0x7ffb44f80000 of 64 bytes failed: 仅完成部分的 ReadProcessMemory 或 WriteProcessMemory 请求。 (0x12B)
[0623/230654.649:WARNING:pe_image_reader.cc(340)] could not read dos header from C:\WINDOWS\System32\KERNELBASE.dll
[0623/230654.649:ERROR:process_memory_win.cc(73)] ReadMemory at 0x7ffb0ac80000 of 64 bytes failed: 仅完成部分的 ReadProcessMemory 或 WriteProcessMemory 请求。 (0x12B)
[0623/230654.649:WARNING:pe_image_reader.cc(340)] could not read dos header from C:\Program Files (x86)\Google\Chrome\Application\83.0.4103.106\chrome_elf.dll
[0623/230654.649:ERROR:process_memory_win.cc(73)] ReadMemory at 0x7ffb3cd60000 of 64 bytes failed: 仅完成部分的 ReadProcessMemory 或 WriteProcessMemory 请求。 (0x12B)
[0623/230654.649:WARNING:pe_image_reader.cc(340)] could not read dos header from C:\WINDOWS\SYSTEM32\VERSION.dll
[0623/230654.649:ERROR:process_memory_win.cc(73)] ReadMemory at 0x2cecbaa0000 of 64 bytes failed: 仅完成部分的 ReadProcessMemory 或 WriteProcessMemory 请求。 (0x12B)
[0623/230654.649:WARNING:pe_image_reader.cc(340)] could not read dos header from C:\WINDOWS\System32\msvcrt.dll
[0623/230654.649:ERROR:process_memory_win.cc(73)] ReadMemory at 0x7ffb44d50000 of 64 bytes failed: 仅完成部分的 ReadProcessMemory 或 WriteProcessMemory 请求。 (0x12B)
[0623/230654.649:WARNING:pe_image_reader.cc(340)] could not read dos header from C:\WINDOWS\System32\bcryptPrimitives.dll
[0623/230654.665:ERROR:process_memory_win.cc(73)] ReadMemory at 0x7ffb46da0000 of 64 bytes failed: 仅完成部分的 ReadProcessMemory 或 WriteProcessMemory 请求。 (0x12B)
[0623/230654.665:WARNING:pe_image_reader.cc(340)] could not read dos header from C:\WINDOWS\System32\ADVAPI32.dll
[0623/230654.665:ERROR:process_memory_win.cc(73)] ReadMemory at 0x7ffb46d00000 of 64 bytes failed: 仅完成部分的 ReadProcessMemory 或 WriteProcessMemory 请求。 (0x12B)
[0623/230654.665:WARNING:pe_image_reader.cc(340)] could not read dos header from C:\WINDOWS\System32\sechost.dll
[0623/230654.665:ERROR:process_memory_win.cc(73)] ReadMemory at 0x7ffb45e70000 of 64 bytes failed: 仅完成部分的 ReadProcessMemory 或 WriteProcessMemory 请求。 (0x12B)
[0623/230654.665:WARNING:pe_image_reader.cc(340)] could not read dos header from C:\WINDOWS\System32\RPCRT4.dll
[0623/230654.665:ERROR:process_memory_win.cc(73)] ReadMemory at 0x7ffafd130000 of 64 bytes failed: 仅完成部分的 ReadProcessMemory 或 WriteProcessMemory 请求。 (0x12B)
[0623/230654.665:WARNING:pe_image_reader.cc(340)] could not read dos header from C:\Program Files (x86)\Google\Chrome\Application\83.0.4103.106\chrome.dll
[0623/230654.665:ERROR:process_memory_win.cc(73)] ReadMemory at 0x7ffb479a0000 of 64 bytes failed: 仅完成部分的 ReadProcessMemory 或 WriteProcessMemory 请求。 (0x12B)
[0623/230654.665:WARNING:pe_image_reader.cc(340)] could not read dos header from C:\WINDOWS\System32\WS2_32.dll
[0623/230654.665:ERROR:process_memory_win.cc(73)] ReadMemory at 0x7ffb46250000 of 64 bytes failed: 仅完成部分的 ReadProcessMemory 或 WriteProcessMemory 请求。 (0x12B)
[0623/230654.665:WARNING:pe_image_reader.cc(340)] could not read dos header from C:\WINDOWS\System32\OLEAUT32.dll
[0623/230654.665:ERROR:process_memory_win.cc(73)] ReadMemory at 0x7ffb45530000 of 64 bytes failed: 仅完成部分的 ReadProcessMemory 或 WriteProcessMemory 请求。 (0x12B)
[0623/230654.665:WARNING:pe_image_reader.cc(340)] could not read dos header from C:\WINDOWS\System32\msvcp_win.dll
[0623/230654.665:ERROR:process_memory_win.cc(73)] ReadMemory at 0x7ffb45290000 of 64 bytes failed: 仅完成部分的 ReadProcessMemory 或 WriteProcessMemory 请求。 (0x12B)
[0623/230654.665:WARNING:pe_image_reader.cc(340)] could not read dos header from C:\WINDOWS\System32\ucrtbase.dll
[0623/230654.665:ERROR:process_memory_win.cc(73)] ReadMemory at 0x7ffb47650000 of 64 bytes failed: 仅完成部分的 ReadProcessMemory 或 WriteProcessMemory 请求。 (0x12B)
[0623/230654.665:WARNING:pe_image_reader.cc(340)] could not read dos header from C:\WINDOWS\System32\combase.dll
[0623/230654.665:ERROR:process_memory_win.cc(73)] ReadMemory at 0x7ffb45230000 of 64 bytes failed: 仅完成部分的 ReadProcessMemory 或 WriteProcessMemory 请求。 (0x12B)
[0623/230654.665:WARNING:pe_image_reader.cc(340)] could not read dos header from C:\WINDOWS\System32\WINTRUST.dll
[0623/230654.665:ERROR:process_memory_win.cc(73)] ReadMemory at 0x7ffb44d00000 of 64 bytes failed: 仅完成部分的 ReadProcessMemory 或 WriteProcessMemory 请求。 (0x12B)
[0623/230654.665:WARNING:pe_image_reader.cc(340)] could not read dos header from C:\WINDOWS\System32\MSASN1.dll
[0623/230654.665:ERROR:process_memory_win.cc(73)] ReadMemory at 0x7ffb44dd0000 of 64 bytes failed: 仅完成部分的 ReadProcessMemory 或 WriteProcessMemory 请求。 (0x12B)
[0623/230654.665:WARNING:pe_image_reader.cc(340)] could not read dos header from C:\WINDOWS\System32\CRYPT32.dll
[0623/230654.665:ERROR:process_memory_win.cc(73)] ReadMemory at 0x7ffb44200000 of 64 bytes failed: 仅完成部分的 ReadProcessMemory 或 WriteProcessMemory 请求。 (0x12B)
[0623/230654.665:WARNING:pe_image_reader.cc(340)] could not read dos header from C:\WINDOWS\SYSTEM32\IPHLPAPI.DLL
[0623/230654.665:ERROR:process_memory_win.cc(73)] ReadMemory at 0x7ffb41210000 of 64 bytes failed: 仅完成部分的 ReadProcessMemory 或 WriteProcessMemory 请求。 (0x12B)
[0623/230654.665:WARNING:pe_image_reader.cc(340)] could not read dos header from C:\WINDOWS\SYSTEM32\WINMM.dll
[0623/230654.665:ERROR:process_memory_win.cc(73)] ReadMemory at 0x7ffb36590000 of 64 bytes failed: 仅完成部分的 ReadProcessMemory 或 WriteProcessMemory 请求。 (0x12B)
[0623/230654.665:WARNING:pe_image_reader.cc(340)] could not read dos header from C:\WINDOWS\SYSTEM32\Secur32.dll
[0623/230654.665:ERROR:process_memory_win.cc(73)] ReadMemory at 0x7ffb44b70000 of 64 bytes failed: 仅完成部分的 ReadProcessMemory 或 WriteProcessMemory 请求。 (0x12B)
[0623/230654.665:WARNING:pe_image_reader.cc(340)] could not read dos header from C:\WINDOWS\SYSTEM32\USERENV.dll
[0623/230654.665:ERROR:process_memory_win.cc(73)] ReadMemory at 0x7ffb44d20000 of 64 bytes failed: 仅完成部分的 ReadProcessMemory 或 WriteProcessMemory 请求。 (0x12B)
[0623/230654.665:WARNING:pe_image_reader.cc(340)] could not read dos header from C:\WINDOWS\System32\profapi.dll
[0623/230654.665:ERROR:process_memory_win.cc(73)] ReadMemory at 0x7ffb19b70000 of 64 bytes failed: 仅完成部分的 ReadProcessMemory 或 WriteProcessMemory 请求。 (0x12B)
[0623/230654.665:WARNING:pe_image_reader.cc(340)] could not read dos header from C:\WINDOWS\SYSTEM32\UIAutomationCore.DLL
[0623/230654.665:ERROR:process_memory_win.cc(73)] ReadMemory at 0x7ffb1fa80000 of 64 bytes failed: 仅完成部分的 ReadProcessMemory 或 WriteProcessMemory 请求。 (0x12B)
[0623/230654.665:WARNING:pe_image_reader.cc(340)] could not read dos header from C:\WINDOWS\SYSTEM32\DWrite.dll
[0623/230654.665:ERROR:process_memory_win.cc(73)] ReadMemory at 0x7ffb358f0000 of 64 bytes failed: 仅完成部分的 ReadProcessMemory 或 WriteProcessMemory 请求。 (0x12B)
[0623/230654.665:WARNING:pe_image_reader.cc(340)] could not read dos header from C:\WINDOWS\SYSTEM32\WINSPOOL.DRV
[0623/230654.665:ERROR:process_memory_win.cc(73)] ReadMemory at 0x7ffb44c90000 of 64 bytes failed: 仅完成部分的 ReadProcessMemory 或 WriteProcessMemory 请求。 (0x12B)
[0623/230654.665:WARNING:pe_image_reader.cc(340)] could not read dos header from C:\WINDOWS\System32\kernel.appcore.dll
[0623/230654.665:ERROR:process_memory_win.cc(73)] ReadMemory at 0x7ffb44f20000 of 64 bytes failed: 仅完成部分的 ReadProcessMemory 或 WriteProcessMemory 请求。 (0x12B)
[0623/230654.665:WARNING:pe_image_reader.cc(340)] could not read dos header from C:\WINDOWS\System32\bcrypt.dll
[0623/230654.665:ERROR:process_memory_win.cc(73)] ReadMemory at 0x7ffb435b0000 of 64 bytes failed: 仅完成部分的 ReadProcessMemory 或 WriteProcessMemory 请求。 (0x12B)
[0623/230654.665:WARNING:pe_image_reader.cc(340)] could not read dos header from C:\WINDOWS\SYSTEM32\dbghelp.dll
[0623/230654.665:ERROR:process_memory_win.cc(73)] ReadMemory at 0x7ffb38ad0000 of 64 bytes failed: 仅完成部分的 ReadProcessMemory 或 WriteProcessMemory 请求。 (0x12B)
[0623/230654.665:WARNING:pe_image_reader.cc(340)] could not read dos header from C:\WINDOWS\SYSTEM32\WINHTTP.dll
[0623/230654.665:ERROR:process_memory_win.cc(73)] ReadMemory at 0x7ffb3cd70000 of 64 bytes failed: 仅完成部分的 ReadProcessMemory 或 WriteProcessMemory 请求。 (0x12B)
[0623/230654.665:WARNING:pe_image_reader.cc(340)] could not read dos header from C:\WINDOWS\SYSTEM32\dhcpcsvc.DLL
[0623/230654.665:ERROR:process_memory_win.cc(73)] ReadMemory at 0x7ffb46c70000 of 64 bytes failed: 仅完成部分的 ReadProcessMemory 或 WriteProcessMemory 请求。 (0x12B)
[0623/230654.665:WARNING:pe_image_reader.cc(340)] could not read dos header from C:\WINDOWS\System32\NSI.dll
[0623/230654.665:ERROR:process_memory_win.cc(73)] ReadMemory at 0x7ffb411e0000 of 64 bytes failed: 仅完成部分的 ReadProcessMemory 或 WriteProcessMemory 请求。 (0x12B)
[0623/230654.665:WARNING:pe_image_reader.cc(340)] could not read dos header from C:\WINDOWS\SYSTEM32\WINMMBASE.dll
[0623/230654.665:ERROR:process_memory_win.cc(73)] ReadMemory at 0x7ffb45e20000 of 64 bytes failed: 仅完成部分的 ReadProcessMemory 或 WriteProcessMemory 请求。 (0x12B)
[0623/230654.665:WARNING:pe_image_reader.cc(340)] could not read dos header from C:\WINDOWS\System32\cfgmgr32.dll
[0623/230654.665:ERROR:process_memory_win.cc(73)] ReadMemory at 0x7ffb40a80000 of 64 bytes failed: 仅完成部分的 ReadProcessMemory 或 WriteProcessMemory 请求。 (0x12B)
[0623/230654.665:WARNING:pe_image_reader.cc(340)] could not read dos header from C:\WINDOWS\SYSTEM32\PROPSYS.dll
[0623/230654.665:ERROR:process_memory_win.cc(73)] ReadMemory at 0x7ffb46a10000 of 64 bytes failed: 仅完成部分的 ReadProcessMemory 或 WriteProcessMemory 请求。 (0x12B)
[0623/230654.665:WARNING:pe_image_reader.cc(340)] could not read dos header from C:\WINDOWS\System32\shcore.dll
[0623/230654.665:ERROR:process_memory_win.cc(73)] ReadMemory at 0x7ffb44ba0000 of 64 bytes failed: 仅完成部分的 ReadProcessMemory 或 WriteProcessMemory 请求。 (0x12B)
[0623/230654.665:WARNING:pe_image_reader.cc(340)] could not read dos header from C:\WINDOWS\SYSTEM32\SSPICLI.DLL
[0623/230654.665:ERROR:process_memory_win.cc(73)] ReadMemory at 0x7ffb46320000 of 64 bytes failed: 仅完成部分的 ReadProcessMemory 或 WriteProcessMemory 请求。 (0x12B)
[0623/230654.665:WARNING:pe_image_reader.cc(340)] could not read dos header from C:\WINDOWS\System32\SHELL32.dll
[0623/230654.665:ERROR:process_memory_win.cc(73)] ReadMemory at 0x7ffb455d0000 of 64 bytes failed: 仅完成部分的 ReadProcessMemory 或 WriteProcessMemory 请求。 (0x12B)
[0623/230654.665:WARNING:pe_image_reader.cc(340)] could not read dos header from C:\WINDOWS\System32\windows.storage.dll
[0623/230654.665:ERROR:process_memory_win.cc(73)] ReadMemory at 0x7ffb44cb0000 of 64 bytes failed: 仅完成部分的 ReadProcessMemory 或 WriteProcessMemory 请求。 (0x12B)
[0623/230654.665:WARNING:pe_image_reader.cc(340)] could not read dos header from C:\WINDOWS\System32\powrprof.dll
[0623/230654.665:ERROR:process_memory_win.cc(73)] ReadMemory at 0x7ffb44c80000 of 64 bytes failed: 仅完成部分的 ReadProcessMemory 或 WriteProcessMemory 请求。 (0x12B)
[0623/230654.665:WARNING:pe_image_reader.cc(340)] could not read dos header from C:\WINDOWS\System32\UMPDC.dll
[0623/230654.665:ERROR:process_memory_win.cc(73)] ReadMemory at 0x7ffb47ae0000 of 64 bytes failed: 仅完成部分的 ReadProcessMemory 或 WriteProcessMemory 请求。 (0x12B)
[0623/230654.665:WARNING:pe_image_reader.cc(340)] could not read dos header from C:\WINDOWS\System32\shlwapi.dll
[0623/230654.665:ERROR:process_memory_win.cc(73)] ReadMemory at 0x7ffb47b40000 of 64 bytes failed: 仅完成部分的 ReadProcessMemory 或 WriteProcessMemory 请求。 (0x12B)
[0623/230654.665:WARNING:pe_image_reader.cc(340)] could not read dos header from C:\WINDOWS\System32\GDI32.dll
[0623/230654.665:ERROR:process_memory_win.cc(73)] ReadMemory at 0x7ffb44f50000 of 64 bytes failed: 仅完成部分的 ReadProcessMemory 或 WriteProcessMemory 请求。 (0x12B)
[0623/230654.665:WARNING:pe_image_reader.cc(340)] could not read dos header from C:\WINDOWS\System32\win32u.dll
[0623/230654.665:ERROR:process_memory_win.cc(73)] ReadMemory at 0x7ffb45390000 of 64 bytes failed: 仅完成部分的 ReadProcessMemory 或 WriteProcessMemory 请求。 (0x12B)
[0623/230654.665:WARNING:pe_image_reader.cc(340)] could not read dos header from C:\WINDOWS\System32\gdi32full.dll
[0623/230654.665:ERROR:process_memory_win.cc(73)] ReadMemory at 0x2cecd510000 of 64 bytes failed: 仅完成部分的 ReadProcessMemory 或 WriteProcessMemory 请求。 (0x12B)
[0623/230654.665:WARNING:pe_image_reader.cc(340)] could not read dos header from C:\WINDOWS\System32\USER32.dll
[0623/230654.665:ERROR:process_memory_win.cc(73)] ReadMemory at 0x7ffb45d50000 of 64 bytes failed: 仅完成部分的 ReadProcessMemory 或 WriteProcessMemory 请求。 (0x12B)
[0623/230654.665:WARNING:pe_image_reader.cc(340)] could not read dos header from C:\WINDOWS\System32\cryptsp.dll
[0623/230654.665:ERROR:process_memory_win.cc(73)] ReadMemory at 0x7ffb47470000 of 64 bytes failed: 仅完成部分的 ReadProcessMemory 或 WriteProcessMemory 请求。 (0x12B)
[0623/230654.665:WARNING:pe_image_reader.cc(340)] could not read dos header from C:\WINDOWS\System32\IMM32.DLL
[0623/230654.665:ERROR:process_memory_win.cc(73)] ReadMemory at 0x7ffb446c0000 of 64 bytes failed: 仅完成部分的 ReadProcessMemory 或 WriteProcessMemory 请求。 (0x12B)
[0623/230654.665:WARNING:pe_image_reader.cc(340)] could not read dos header from C:\WINDOWS\SYSTEM32\CRYPTBASE.DLL
[0623/230654.680:ERROR:process_memory_win.cc(73)] ReadMemory at 0x7ff722280000 of 64 bytes failed: 仅完成部分的 ReadProcessMemory 或 WriteProcessMemory 请求。 (0x12B)
[0623/230654.680:WARNING:pe_image_reader.cc(340)] could not read dos header from C:\Program Files (x86)\Google\Chrome\Application\chrome.exe
[0623/230654.680:ERROR:process_memory_win.cc(73)] ReadMemory at 0x7ffb47dc0000 of 64 bytes failed: 仅完成部分的 ReadProcessMemory 或 WriteProcessMemory 请求。 (0x12B)
[0623/230654.680:WARNING:pe_image_reader.cc(340)] could not read dos header from C:\WINDOWS\SYSTEM32\ntdll.dll
[0623/230654.680:ERROR:process_memory_win.cc(73)] ReadMemory at 0x7ffb45f90000 of 64 bytes failed: 仅完成部分的 ReadProcessMemory 或 WriteProcessMemory 请求。 (0x12B)
[0623/230654.680:WARNING:pe_image_reader.cc(340)] could not read dos header from C:\WINDOWS\System32\KERNEL32.DLL
[0623/230654.680:ERROR:process_memory_win.cc(73)] ReadMemory at 0x7ffb44f80000 of 64 bytes failed: 仅完成部分的 ReadProcessMemory 或 WriteProcessMemory 请求。 (0x12B)
[0623/230654.680:WARNING:pe_image_reader.cc(340)] could not read dos header from C:\WINDOWS\System32\KERNELBASE.dll
[0623/230654.680:ERROR:process_memory_win.cc(73)] ReadMemory at 0x7ffb0ac80000 of 64 bytes failed: 仅完成部分的 ReadProcessMemory 或 WriteProcessMemory 请求。 (0x12B)
[0623/230654.680:WARNING:pe_image_reader.cc(340)] could not read dos header from C:\Program Files (x86)\Google\Chrome\Application\83.0.4103.106\chrome_elf.dll
[0623/230654.680:ERROR:process_memory_win.cc(73)] ReadMemory at 0x7ffb3cd60000 of 64 bytes failed: 仅完成部分的 ReadProcessMemory 或 WriteProcessMemory 请求。 (0x12B)
[0623/230654.680:WARNING:pe_image_reader.cc(340)] could not read dos header from C:\WINDOWS\SYSTEM32\VERSION.dll
[0623/230654.680:ERROR:process_memory_win.cc(73)] ReadMemory at 0x2cecbaa0000 of 64 bytes failed: 仅完成部分的 ReadProcessMemory 或 WriteProcessMemory 请求。 (0x12B)
[0623/230654.680:WARNING:pe_image_reader.cc(340)] could not read dos header from C:\WINDOWS\System32\msvcrt.dll
[0623/230654.680:ERROR:process_memory_win.cc(73)] ReadMemory at 0x7ffb44d50000 of 64 bytes failed: 仅完成部分的 ReadProcessMemory 或 WriteProcessMemory 请求。 (0x12B)
[0623/230654.680:WARNING:pe_image_reader.cc(340)] could not read dos header from C:\WINDOWS\System32\bcryptPrimitives.dll
[0623/230654.680:ERROR:process_memory_win.cc(73)] ReadMemory at 0x7ffb46da0000 of 64 bytes failed: 仅完成部分的 ReadProcessMemory 或 WriteProcessMemory 请求。 (0x12B)
[0623/230654.680:WARNING:pe_image_reader.cc(340)] could not read dos header from C:\WINDOWS\System32\ADVAPI32.dll
[0623/230654.680:ERROR:process_memory_win.cc(73)] ReadMemory at 0x7ffb46d00000 of 64 bytes failed: 仅完成部分的 ReadProcessMemory 或 WriteProcessMemory 请求。 (0x12B)
[0623/230654.680:WARNING:pe_image_reader.cc(340)] could not read dos header from C:\WINDOWS\System32\sechost.dll
[0623/230654.680:ERROR:process_memory_win.cc(73)] ReadMemory at 0x7ffb45e70000 of 64 bytes failed: 仅完成部分的 ReadProcessMemory 或 WriteProcessMemory 请求。 (0x12B)
[0623/230654.680:WARNING:pe_image_reader.cc(340)] could not read dos header from C:\WINDOWS\System32\RPCRT4.dll
[0623/230654.680:ERROR:process_memory_win.cc(73)] ReadMemory at 0x7ffafd130000 of 64 bytes failed: 仅完成部分的 ReadProcessMemory 或 WriteProcessMemory 请求。 (0x12B)
[0623/230654.680:WARNING:pe_image_reader.cc(340)] could not read dos header from C:\Program Files (x86)\Google\Chrome\Application\83.0.4103.106\chrome.dll
[0623/230654.680:ERROR:process_memory_win.cc(73)] ReadMemory at 0x7ffb479a0000 of 64 bytes failed: 仅完成部分的 ReadProcessMemory 或 WriteProcessMemory 请求。 (0x12B)
[0623/230654.680:WARNING:pe_image_reader.cc(340)] could not read dos header from C:\WINDOWS\System32\WS2_32.dll
[0623/230654.680:ERROR:process_memory_win.cc(73)] ReadMemory at 0x7ffb46250000 of 64 bytes failed: 仅完成部分的 ReadProcessMemory 或 WriteProcessMemory 请求。 (0x12B)
[0623/230654.680:WARNING:pe_image_reader.cc(340)] could not read dos header from C:\WINDOWS\System32\OLEAUT32.dll
[0623/230654.680:ERROR:process_memory_win.cc(73)] ReadMemory at 0x7ffb45530000 of 64 bytes failed: 仅完成部分的 ReadProcessMemory 或 WriteProcessMemory 请求。 (0x12B)
[0623/230654.680:WARNING:pe_image_reader.cc(340)] could not read dos header from C:\WINDOWS\System32\msvcp_win.dll
[0623/230654.680:ERROR:process_memory_win.cc(73)] ReadMemory at 0x7ffb45290000 of 64 bytes failed: 仅完成部分的 ReadProcessMemory 或 WriteProcessMemory 请求。 (0x12B)
[0623/230654.680:WARNING:pe_image_reader.cc(340)] could not read dos header from C:\WINDOWS\System32\ucrtbase.dll
[0623/230654.680:ERROR:process_memory_win.cc(73)] ReadMemory at 0x7ffb47650000 of 64 bytes failed: 仅完成部分的 ReadProcessMemory 或 WriteProcessMemory 请求。 (0x12B)
[0623/230654.680:WARNING:pe_image_reader.cc(340)] could not read dos header from C:\WINDOWS\System32\combase.dll
[0623/230654.680:ERROR:process_memory_win.cc(73)] ReadMemory at 0x7ffb45230000 of 64 bytes failed: 仅完成部分的 ReadProcessMemory 或 WriteProcessMemory 请求。 (0x12B)
[0623/230654.680:WARNING:pe_image_reader.cc(340)] could not read dos header from C:\WINDOWS\System32\WINTRUST.dll
[0623/230654.680:ERROR:process_memory_win.cc(73)] ReadMemory at 0x7ffb44d00000 of 64 bytes failed: 仅完成部分的 ReadProcessMemory 或 WriteProcessMemory 请求。 (0x12B)
[0623/230654.680:WARNING:pe_image_reader.cc(340)] could not read dos header from C:\WINDOWS\System32\MSASN1.dll
[0623/230654.680:ERROR:process_memory_win.cc(73)] ReadMemory at 0x7ffb44dd0000 of 64 bytes failed: 仅完成部分的 ReadProcessMemory 或 WriteProcessMemory 请求。 (0x12B)
[0623/230654.680:WARNING:pe_image_reader.cc(340)] could not read dos header from C:\WINDOWS\System32\CRYPT32.dll
[0623/230654.680:ERROR:process_memory_win.cc(73)] ReadMemory at 0x7ffb44200000 of 64 bytes failed: 仅完成部分的 ReadProcessMemory 或 WriteProcessMemory 请求。 (0x12B)
[0623/230654.680:WARNING:pe_image_reader.cc(340)] could not read dos header from C:\WINDOWS\SYSTEM32\IPHLPAPI.DLL
[0623/230654.680:ERROR:process_memory_win.cc(73)] ReadMemory at 0x7ffb41210000 of 64 bytes failed: 仅完成部分的 ReadProcessMemory 或 WriteProcessMemory 请求。 (0x12B)
[0623/230654.680:WARNING:pe_image_reader.cc(340)] could not read dos header from C:\WINDOWS\SYSTEM32\WINMM.dll
[0623/230654.680:ERROR:process_memory_win.cc(73)] ReadMemory at 0x7ffb36590000 of 64 bytes failed: 仅完成部分的 ReadProcessMemory 或 WriteProcessMemory 请求。 (0x12B)
[0623/230654.680:WARNING:pe_image_reader.cc(340)] could not read dos header from C:\WINDOWS\SYSTEM32\Secur32.dll
[0623/230654.680:ERROR:process_memory_win.cc(73)] ReadMemory at 0x7ffb44b70000 of 64 bytes failed: 仅完成部分的 ReadProcessMemory 或 WriteProcessMemory 请求。 (0x12B)
[0623/230654.680:WARNING:pe_image_reader.cc(340)] could not read dos header from C:\WINDOWS\SYSTEM32\USERENV.dll
[0623/230654.680:ERROR:process_memory_win.cc(73)] ReadMemory at 0x7ffb44d20000 of 64 bytes failed: 仅完成部分的 ReadProcessMemory 或 WriteProcessMemory 请求。 (0x12B)
[0623/230654.680:WARNING:pe_image_reader.cc(340)] could not read dos header from C:\WINDOWS\System32\profapi.dll
[0623/230654.680:ERROR:process_memory_win.cc(73)] ReadMemory at 0x7ffb19b70000 of 64 bytes failed: 仅完成部分的 ReadProcessMemory 或 WriteProcessMemory 请求。 (0x12B)
[0623/230654.680:WARNING:pe_image_reader.cc(340)] could not read dos header from C:\WINDOWS\SYSTEM32\UIAutomationCore.DLL
[0623/230654.680:ERROR:process_memory_win.cc(73)] ReadMemory at 0x7ffb1fa80000 of 64 bytes failed: 仅完成部分的 ReadProcessMemory 或 WriteProcessMemory 请求。 (0x12B)
[0623/230654.680:WARNING:pe_image_reader.cc(340)] could not read dos header from C:\WINDOWS\SYSTEM32\DWrite.dll
[0623/230654.680:ERROR:process_memory_win.cc(73)] ReadMemory at 0x7ffb358f0000 of 64 bytes failed: 仅完成部分的 ReadProcessMemory 或 WriteProcessMemory 请求。 (0x12B)
[0623/230654.680:WARNING:pe_image_reader.cc(340)] could not read dos header from C:\WINDOWS\SYSTEM32\WINSPOOL.DRV
[0623/230654.680:ERROR:process_memory_win.cc(73)] ReadMemory at 0x7ffb44c90000 of 64 bytes failed: 仅完成部分的 ReadProcessMemory 或 WriteProcessMemory 请求。 (0x12B)
[0623/230654.680:WARNING:pe_image_reader.cc(340)] could not read dos header from C:\WINDOWS\System32\kernel.appcore.dll
[0623/230654.680:ERROR:process_memory_win.cc(73)] ReadMemory at 0x7ffb44f20000 of 64 bytes failed: 仅完成部分的 ReadProcessMemory 或 WriteProcessMemory 请求。 (0x12B)
[0623/230654.680:WARNING:pe_image_reader.cc(340)] could not read dos header from C:\WINDOWS\System32\bcrypt.dll
[0623/230654.680:ERROR:process_memory_win.cc(73)] ReadMemory at 0x7ffb435b0000 of 64 bytes failed: 仅完成部分的 ReadProcessMemory 或 WriteProcessMemory 请求。 (0x12B)
[0623/230654.680:WARNING:pe_image_reader.cc(340)] could not read dos header from C:\WINDOWS\SYSTEM32\dbghelp.dll
[0623/230654.680:ERROR:process_memory_win.cc(73)] ReadMemory at 0x7ffb38ad0000 of 64 bytes failed: 仅完成部分的 ReadProcessMemory 或 WriteProcessMemory 请求。 (0x12B)
[0623/230654.680:WARNING:pe_image_reader.cc(340)] could not read dos header from C:\WINDOWS\SYSTEM32\WINHTTP.dll
[0623/230654.680:ERROR:process_memory_win.cc(73)] ReadMemory at 0x7ffb3cd70000 of 64 bytes failed: 仅完成部分的 ReadProcessMemory 或 WriteProcessMemory 请求。 (0x12B)
[0623/230654.680:WARNING:pe_image_reader.cc(340)] could not read dos header from C:\WINDOWS\SYSTEM32\dhcpcsvc.DLL
[0623/230654.680:ERROR:process_memory_win.cc(73)] ReadMemory at 0x7ffb46c70000 of 64 bytes failed: 仅完成部分的 ReadProcessMemory 或 WriteProcessMemory 请求。 (0x12B)
[0623/230654.680:WARNING:pe_image_reader.cc(340)] could not read dos header from C:\WINDOWS\System32\NSI.dll
[0623/230654.680:ERROR:process_memory_win.cc(73)] ReadMemory at 0x7ffb411e0000 of 64 bytes failed: 仅完成部分的 ReadProcessMemory 或 WriteProcessMemory 请求。 (0x12B)
[0623/230654.680:WARNING:pe_image_reader.cc(340)] could not read dos header from C:\WINDOWS\SYSTEM32\WINMMBASE.dll
[0623/230654.680:ERROR:process_memory_win.cc(73)] ReadMemory at 0x7ffb45e20000 of 64 bytes failed: 仅完成部分的 ReadProcessMemory 或 WriteProcessMemory 请求。 (0x12B)
[0623/230654.680:WARNING:pe_image_reader.cc(340)] could not read dos header from C:\WINDOWS\System32\cfgmgr32.dll
[0623/230654.680:ERROR:process_memory_win.cc(73)] ReadMemory at 0x7ffb40a80000 of 64 bytes failed: 仅完成部分的 ReadProcessMemory 或 WriteProcessMemory 请求。 (0x12B)
[0623/230654.680:WARNING:pe_image_reader.cc(340)] could not read dos header from C:\WINDOWS\SYSTEM32\PROPSYS.dll
[0623/230654.680:ERROR:process_memory_win.cc(73)] ReadMemory at 0x7ffb46a10000 of 64 bytes failed: 仅完成部分的 ReadProcessMemory 或 WriteProcessMemory 请求。 (0x12B)
[0623/230654.680:WARNING:pe_image_reader.cc(340)] could not read dos header from C:\WINDOWS\System32\shcore.dll
[0623/230654.680:ERROR:process_memory_win.cc(73)] ReadMemory at 0x7ffb44ba0000 of 64 bytes failed: 仅完成部分的 ReadProcessMemory 或 WriteProcessMemory 请求。 (0x12B)
[0623/230654.680:WARNING:pe_image_reader.cc(340)] could not read dos header from C:\WINDOWS\SYSTEM32\SSPICLI.DLL
[0623/230654.680:ERROR:process_memory_win.cc(73)] ReadMemory at 0x7ffb46320000 of 64 bytes failed: 仅完成部分的 ReadProcessMemory 或 WriteProcessMemory 请求。 (0x12B)
[0623/230654.680:WARNING:pe_image_reader.cc(340)] could not read dos header from C:\WINDOWS\System32\SHELL32.dll
[0623/230654.680:ERROR:process_memory_win.cc(73)] ReadMemory at 0x7ffb455d0000 of 64 bytes failed: 仅完成部分的 ReadProcessMemory 或 WriteProcessMemory 请求。 (0x12B)
[0623/230654.680:WARNING:pe_image_reader.cc(340)] could not read dos header from C:\WINDOWS\System32\windows.storage.dll
[0623/230654.680:ERROR:process_memory_win.cc(73)] ReadMemory at 0x7ffb44cb0000 of 64 bytes failed: 仅完成部分的 ReadProcessMemory 或 WriteProcessMemory 请求。 (0x12B)
[0623/230654.680:WARNING:pe_image_reader.cc(340)] could not read dos header from C:\WINDOWS\System32\powrprof.dll
[0623/230654.680:ERROR:process_memory_win.cc(73)] ReadMemory at 0x7ffb44c80000 of 64 bytes failed: 仅完成部分的 ReadProcessMemory 或 WriteProcessMemory 请求。 (0x12B)
[0623/230654.680:WARNING:pe_image_reader.cc(340)] could not read dos header from C:\WINDOWS\System32\UMPDC.dll
[0623/230654.680:ERROR:process_memory_win.cc(73)] ReadMemory at 0x7ffb47ae0000 of 64 bytes failed: 仅完成部分的 ReadProcessMemory 或 WriteProcessMemory 请求。 (0x12B)
[0623/230654.680:WARNING:pe_image_reader.cc(340)] could not read dos header from C:\WINDOWS\System32\shlwapi.dll
[0623/230654.680:ERROR:process_memory_win.cc(73)] ReadMemory at 0x7ffb47b40000 of 64 bytes failed: 仅完成部分的 ReadProcessMemory 或 WriteProcessMemory 请求。 (0x12B)
[0623/230654.680:WARNING:pe_image_reader.cc(340)] could not read dos header from C:\WINDOWS\System32\GDI32.dll
[0623/230654.680:ERROR:process_memory_win.cc(73)] ReadMemory at 0x7ffb44f50000 of 64 bytes failed: 仅完成部分的 ReadProcessMemory 或 WriteProcessMemory 请求。 (0x12B)
[0623/230654.680:WARNING:pe_image_reader.cc(340)] could not read dos header from C:\WINDOWS\System32\win32u.dll
[0623/230654.680:ERROR:process_memory_win.cc(73)] ReadMemory at 0x7ffb45390000 of 64 bytes failed: 仅完成部分的 ReadProcessMemory 或 WriteProcessMemory 请求。 (0x12B)
[0623/230654.680:WARNING:pe_image_reader.cc(340)] could not read dos header from C:\WINDOWS\System32\gdi32full.dll
[0623/230654.680:ERROR:process_memory_win.cc(73)] ReadMemory at 0x2cecd510000 of 64 bytes failed: 仅完成部分的 ReadProcessMemory 或 WriteProcessMemory 请求。 (0x12B)
[0623/230654.680:WARNING:pe_image_reader.cc(340)] could not read dos header from C:\WINDOWS\System32\USER32.dll
[0623/230654.680:ERROR:process_memory_win.cc(73)] ReadMemory at 0x7ffb45d50000 of 64 bytes failed: 仅完成部分的 ReadProcessMemory 或 WriteProcessMemory 请求。 (0x12B)
[0623/230654.680:WARNING:pe_image_reader.cc(340)] could not read dos header from C:\WINDOWS\System32\cryptsp.dll
[0623/230654.680:ERROR:process_memory_win.cc(73)] ReadMemory at 0x7ffb47470000 of 64 bytes failed: 仅完成部分的 ReadProcessMemory 或 WriteProcessMemory 请求。 (0x12B)
[0623/230654.680:WARNING:pe_image_reader.cc(340)] could not read dos header from C:\WINDOWS\System32\IMM32.DLL
[0623/230654.680:ERROR:process_memory_win.cc(73)] ReadMemory at 0x7ffb446c0000 of 64 bytes failed: 仅完成部分的 ReadProcessMemory 或 WriteProcessMemory 请求。 (0x12B)
[0623/230654.680:WARNING:pe_image_reader.cc(340)] could not read dos header from C:\WINDOWS\SYSTEM32\CRYPTBASE.DLL
[0623/230654.680:ERROR:process_memory_win.cc(73)] ReadMemory at 0x7ff722280000 of 64 bytes failed: 仅完成部分的 ReadProcessMemory 或 WriteProcessMemory 请求。 (0x12B)
[0623/230654.680:WARNING:pe_image_reader.cc(340)] could not read dos header from C:\Program Files (x86)\Google\Chrome\Application\chrome.exe
[0623/230654.680:ERROR:process_memory_win.cc(73)] ReadMemory at 0x7ffb47dc0000 of 64 bytes failed: 仅完成部分的 ReadProcessMemory 或 WriteProcessMemory 请求。 (0x12B)
[0623/230654.680:WARNING:pe_image_reader.cc(340)] could not read dos header from C:\WINDOWS\SYSTEM32\ntdll.dll
[0623/230654.680:ERROR:process_memory_win.cc(73)] ReadMemory at 0x7ffb45f90000 of 64 bytes failed: 仅完成部分的 ReadProcessMemory 或 WriteProcessMemory 请求。 (0x12B)
[0623/230654.680:WARNING:pe_image_reader.cc(340)] could not read dos header from C:\WINDOWS\System32\KERNEL32.DLL
[0623/230654.680:ERROR:process_memory_win.cc(73)] ReadMemory at 0x7ffb44f80000 of 64 bytes failed: 仅完成部分的 ReadProcessMemory 或 WriteProcessMemory 请求。 (0x12B)
[0623/230654.680:WARNING:pe_image_reader.cc(340)] could not read dos header from C:\WINDOWS\System32\KERNELBASE.dll
[0623/230654.680:ERROR:process_memory_win.cc(73)] ReadMemory at 0x7ffb0ac80000 of 64 bytes failed: 仅完成部分的 ReadProcessMemory 或 WriteProcessMemory 请求。 (0x12B)
[0623/230654.680:WARNING:pe_image_reader.cc(340)] could not read dos header from C:\Program Files (x86)\Google\Chrome\Application\83.0.4103.106\chrome_elf.dll
[0623/230654.680:ERROR:process_memory_win.cc(73)] ReadMemory at 0x7ffb3cd60000 of 64 bytes failed: 仅完成部分的 ReadProcessMemory 或 WriteProcessMemory 请求。 (0x12B)
[0623/230654.680:WARNING:pe_image_reader.cc(340)] could not read dos header from C:\WINDOWS\SYSTEM32\VERSION.dll
[0623/230654.680:ERROR:process_memory_win.cc(73)] ReadMemory at 0x2cecbaa0000 of 64 bytes failed: 仅完成部分的 ReadProcessMemory 或 WriteProcessMemory 请求。 (0x12B)
[0623/230654.680:WARNING:pe_image_reader.cc(340)] could not read dos header from C:\WINDOWS\System32\msvcrt.dll
[0623/230654.680:ERROR:process_memory_win.cc(73)] ReadMemory at 0x7ffb44d50000 of 64 bytes failed: 仅完成部分的 ReadProcessMemory 或 WriteProcessMemory 请求。 (0x12B)
[0623/230654.680:WARNING:pe_image_reader.cc(340)] could not read dos header from C:\WINDOWS\System32\bcryptPrimitives.dll
[0623/230654.680:ERROR:process_memory_win.cc(73)] ReadMemory at 0x7ffb46da0000 of 64 bytes failed: 仅完成部分的 ReadProcessMemory 或 WriteProcessMemory 请求。 (0x12B)
[0623/230654.680:WARNING:pe_image_reader.cc(340)] could not read dos header from C:\WINDOWS\System32\ADVAPI32.dll
[0623/230654.680:ERROR:process_memory_win.cc(73)] ReadMemory at 0x7ffb46d00000 of 64 bytes failed: 仅完成部分的 ReadProcessMemory 或 WriteProcessMemory 请求。 (0x12B)
[0623/230654.680:WARNING:pe_image_reader.cc(340)] could not read dos header from C:\WINDOWS\System32\sechost.dll
[0623/230654.680:ERROR:process_memory_win.cc(73)] ReadMemory at 0x7ffb45e70000 of 64 bytes failed: 仅完成部分的 ReadProcessMemory 或 WriteProcessMemory 请求。 (0x12B)
[0623/230654.680:WARNING:pe_image_reader.cc(340)] could not read dos header from C:\WINDOWS\System32\RPCRT4.dll
[0623/230654.680:ERROR:process_memory_win.cc(73)] ReadMemory at 0x7ffafd130000 of 64 bytes failed: 仅完成部分的 ReadProcessMemory 或 WriteProcessMemory 请求。 (0x12B)
[0623/230654.680:WARNING:pe_image_reader.cc(340)] could not read dos header from C:\Program Files (x86)\Google\Chrome\Application\83.0.4103.106\chrome.dll
[0623/230654.680:ERROR:process_memory_win.cc(73)] ReadMemory at 0x7ffb479a0000 of 64 bytes failed: 仅完成部分的 ReadProcessMemory 或 WriteProcessMemory 请求。 (0x12B)
[0623/230654.680:WARNING:pe_image_reader.cc(340)] could not read dos header from C:\WINDOWS\System32\WS2_32.dll
[0623/230654.680:ERROR:process_memory_win.cc(73)] ReadMemory at 0x7ffb46250000 of 64 bytes failed: 仅完成部分的 ReadProcessMemory 或 WriteProcessMemory 请求。 (0x12B)
[0623/230654.680:WARNING:pe_image_reader.cc(340)] could not read dos header from C:\WINDOWS\System32\OLEAUT32.dll
[0623/230654.680:ERROR:process_memory_win.cc(73)] ReadMemory at 0x7ffb45530000 of 64 bytes failed: 仅完成部分的 ReadProcessMemory 或 WriteProcessMemory 请求。 (0x12B)
[0623/230654.680:WARNING:pe_image_reader.cc(340)] could not read dos header from C:\WINDOWS\System32\msvcp_win.dll
[0623/230654.680:ERROR:process_memory_win.cc(73)] ReadMemory at 0x7ffb45290000 of 64 bytes failed: 仅完成部分的 ReadProcessMemory 或 WriteProcessMemory 请求。 (0x12B)
[0623/230654.680:WARNING:pe_image_reader.cc(340)] could not read dos header from C:\WINDOWS\System32\ucrtbase.dll
[0623/230654.680:ERROR:process_memory_win.cc(73)] ReadMemory at 0x7ffb47650000 of 64 bytes failed: 仅完成部分的 ReadProcessMemory 或 WriteProcessMemory 请求。 (0x12B)
[0623/230654.680:WARNING:pe_image_reader.cc(340)] could not read dos header from C:\WINDOWS\System32\combase.dll
[0623/230654.680:ERROR:process_memory_win.cc(73)] ReadMemory at 0x7ffb45230000 of 64 bytes failed: 仅完成部分的 ReadProcessMemory 或 WriteProcessMemory 请求。 (0x12B)
[0623/230654.680:WARNING:pe_image_reader.cc(340)] could not read dos header from C:\WINDOWS\System32\WINTRUST.dll
[0623/230654.680:ERROR:process_memory_win.cc(73)] ReadMemory at 0x7ffb44d00000 of 64 bytes failed: 仅完成部分的 ReadProcessMemory 或 WriteProcessMemory 请求。 (0x12B)
[0623/230654.680:WARNING:pe_image_reader.cc(340)] could not read dos header from C:\WINDOWS\System32\MSASN1.dll
[0623/230654.680:ERROR:process_memory_win.cc(73)] ReadMemory at 0x7ffb44dd0000 of 64 bytes failed: 仅完成部分的 ReadProcessMemory 或 WriteProcessMemory 请求。 (0x12B)
[0623/230654.680:WARNING:pe_image_reader.cc(340)] could not read dos header from C:\WINDOWS\System32\CRYPT32.dll
[0623/230654.680:ERROR:process_memory_win.cc(73)] ReadMemory at 0x7ffb44200000 of 64 bytes failed: 仅完成部分的 ReadProcessMemory 或 WriteProcessMemory 请求。 (0x12B)
[0623/230654.680:WARNING:pe_image_reader.cc(340)] could not read dos header from C:\WINDOWS\SYSTEM32\IPHLPAPI.DLL
[0623/230654.680:ERROR:process_memory_win.cc(73)] ReadMemory at 0x7ffb41210000 of 64 bytes failed: 仅完成部分的 ReadProcessMemory 或 WriteProcessMemory 请求。 (0x12B)
[0623/230654.680:WARNING:pe_image_reader.cc(340)] could not read dos header from C:\WINDOWS\SYSTEM32\WINMM.dll
[0623/230654.680:ERROR:process_memory_win.cc(73)] ReadMemory at 0x7ffb36590000 of 64 bytes failed: 仅完成部分的 ReadProcessMemory 或 WriteProcessMemory 请求。 (0x12B)
[0623/230654.680:WARNING:pe_image_reader.cc(340)] could not read dos header from C:\WINDOWS\SYSTEM32\Secur32.dll
[0623/230654.680:ERROR:process_memory_win.cc(73)] ReadMemory at 0x7ffb44b70000 of 64 bytes failed: 仅完成部分的 ReadProcessMemory 或 WriteProcessMemory 请求。 (0x12B)
[0623/230654.680:WARNING:pe_image_reader.cc(340)] could not read dos header from C:\WINDOWS\SYSTEM32\USERENV.dll
[0623/230654.680:ERROR:process_memory_win.cc(73)] ReadMemory at 0x7ffb44d20000 of 64 bytes failed: 仅完成部分的 ReadProcessMemory 或 WriteProcessMemory 请求。 (0x12B)
[0623/230654.680:WARNING:pe_image_reader.cc(340)] could not read dos header from C:\WINDOWS\System32\profapi.dll
[0623/230654.680:ERROR:process_memory_win.cc(73)] ReadMemory at 0x7ffb19b70000 of 64 bytes failed: 仅完成部分的 ReadProcessMemory 或 WriteProcessMemory 请求。 (0x12B)
[0623/230654.680:WARNING:pe_image_reader.cc(340)] could not read dos header from C:\WINDOWS\SYSTEM32\UIAutomationCore.DLL
[0623/230654.680:ERROR:process_memory_win.cc(73)] ReadMemory at 0x7ffb1fa80000 of 64 bytes failed: 仅完成部分的 ReadProcessMemory 或 WriteProcessMemory 请求。 (0x12B)
[0623/230654.680:WARNING:pe_image_reader.cc(340)] could not read dos header from C:\WINDOWS\SYSTEM32\DWrite.dll
[0623/230654.680:ERROR:process_memory_win.cc(73)] ReadMemory at 0x7ffb358f0000 of 64 bytes failed: 仅完成部分的 ReadProcessMemory 或 WriteProcessMemory 请求。 (0x12B)
[0623/230654.680:WARNING:pe_image_reader.cc(340)] could not read dos header from C:\WINDOWS\SYSTEM32\WINSPOOL.DRV
[0623/230654.680:ERROR:process_memory_win.cc(73)] ReadMemory at 0x7ffb44c90000 of 64 bytes failed: 仅完成部分的 ReadProcessMemory 或 WriteProcessMemory 请求。 (0x12B)
[0623/230654.680:WARNING:pe_image_reader.cc(340)] could not read dos header from C:\WINDOWS\System32\kernel.appcore.dll
[0623/230654.680:ERROR:process_memory_win.cc(73)] ReadMemory at 0x7ffb44f20000 of 64 bytes failed: 仅完成部分的 ReadProcessMemory 或 WriteProcessMemory 请求。 (0x12B)
[0623/230654.680:WARNING:pe_image_reader.cc(340)] could not read dos header from C:\WINDOWS\System32\bcrypt.dll
[0623/230654.680:ERROR:process_memory_win.cc(73)] ReadMemory at 0x7ffb435b0000 of 64 bytes failed: 仅完成部分的 ReadProcessMemory 或 WriteProcessMemory 请求。 (0x12B)
[0623/230654.680:WARNING:pe_image_reader.cc(340)] could not read dos header from C:\WINDOWS\SYSTEM32\dbghelp.dll
[0623/230654.680:ERROR:process_memory_win.cc(73)] ReadMemory at 0x7ffb38ad0000 of 64 bytes failed: 仅完成部分的 ReadProcessMemory 或 WriteProcessMemory 请求。 (0x12B)
[0623/230654.680:WARNING:pe_image_reader.cc(340)] could not read dos header from C:\WINDOWS\SYSTEM32\WINHTTP.dll
[0623/230654.680:ERROR:process_memory_win.cc(73)] ReadMemory at 0x7ffb3cd70000 of 64 bytes failed: 仅完成部分的 ReadProcessMemory 或 WriteProcessMemory 请求。 (0x12B)
[0623/230654.680:WARNING:pe_image_reader.cc(340)] could not read dos header from C:\WINDOWS\SYSTEM32\dhcpcsvc.DLL
[0623/230654.680:ERROR:process_memory_win.cc(73)] ReadMemory at 0x7ffb46c70000 of 64 bytes failed: 仅完成部分的 ReadProcessMemory 或 WriteProcessMemory 请求。 (0x12B)
[0623/230654.680:WARNING:pe_image_reader.cc(340)] could not read dos header from C:\WINDOWS\System32\NSI.dll
[0623/230654.680:ERROR:process_memory_win.cc(73)] ReadMemory at 0x7ffb411e0000 of 64 bytes failed: 仅完成部分的 ReadProcessMemory 或 WriteProcessMemory 请求。 (0x12B)
[0623/230654.680:WARNING:pe_image_reader.cc(340)] could not read dos header from C:\WINDOWS\SYSTEM32\WINMMBASE.dll
[0623/230654.680:ERROR:process_memory_win.cc(73)] ReadMemory at 0x7ffb45e20000 of 64 bytes failed: 仅完成部分的 ReadProcessMemory 或 WriteProcessMemory 请求。 (0x12B)
[0623/230654.680:WARNING:pe_image_reader.cc(340)] could not read dos header from C:\WINDOWS\System32\cfgmgr32.dll
[0623/230654.680:ERROR:process_memory_win.cc(73)] ReadMemory at 0x7ffb40a80000 of 64 bytes failed: 仅完成部分的 ReadProcessMemory 或 WriteProcessMemory 请求。 (0x12B)
[0623/230654.680:WARNING:pe_image_reader.cc(340)] could not read dos header from C:\WINDOWS\SYSTEM32\PROPSYS.dll
[0623/230654.680:ERROR:process_memory_win.cc(73)] ReadMemory at 0x7ffb46a10000 of 64 bytes failed: 仅完成部分的 ReadProcessMemory 或 WriteProcessMemory 请求。 (0x12B)
[0623/230654.680:WARNING:pe_image_reader.cc(340)] could not read dos header from C:\WINDOWS\System32\shcore.dll
[0623/230654.680:ERROR:process_memory_win.cc(73)] ReadMemory at 0x7ffb44ba0000 of 64 bytes failed: 仅完成部分的 ReadProcessMemory 或 WriteProcessMemory 请求。 (0x12B)
[0623/230654.680:WARNING:pe_image_reader.cc(340)] could not read dos header from C:\WINDOWS\SYSTEM32\SSPICLI.DLL
[0623/230654.680:ERROR:process_memory_win.cc(73)] ReadMemory at 0x7ffb46320000 of 64 bytes failed: 仅完成部分的 ReadProcessMemory 或 WriteProcessMemory 请求。 (0x12B)
[0623/230654.680:WARNING:pe_image_reader.cc(340)] could not read dos header from C:\WINDOWS\System32\SHELL32.dll
[0623/230654.680:ERROR:process_memory_win.cc(73)] ReadMemory at 0x7ffb455d0000 of 64 bytes failed: 仅完成部分的 ReadProcessMemory 或 WriteProcessMemory 请求。 (0x12B)
[0623/230654.680:WARNING:pe_image_reader.cc(340)] could not read dos header from C:\WINDOWS\System32\windows.storage.dll
[0623/230654.680:ERROR:process_memory_win.cc(73)] ReadMemory at 0x7ffb44cb0000 of 64 bytes failed: 仅完成部分的 ReadProcessMemory 或 WriteProcessMemory 请求。 (0x12B)
[0623/230654.680:WARNING:pe_image_reader.cc(340)] could not read dos header from C:\WINDOWS\System32\powrprof.dll
[0623/230654.680:ERROR:process_memory_win.cc(73)] ReadMemory at 0x7ffb44c80000 of 64 bytes failed: 仅完成部分的 ReadProcessMemory 或 WriteProcessMemory 请求。 (0x12B)
[0623/230654.680:WARNING:pe_image_reader.cc(340)] could not read dos header from C:\WINDOWS\System32\UMPDC.dll
[0623/230654.680:ERROR:process_memory_win.cc(73)] ReadMemory at 0x7ffb47ae0000 of 64 bytes failed: 仅完成部分的 ReadProcessMemory 或 WriteProcessMemory 请求。 (0x12B)
[0623/230654.680:WARNING:pe_image_reader.cc(340)] could not read dos header from C:\WINDOWS\System32\shlwapi.dll
[0623/230654.680:ERROR:process_memory_win.cc(73)] ReadMemory at 0x7ffb47b40000 of 64 bytes failed: 仅完成部分的 ReadProcessMemory 或 WriteProcessMemory 请求。 (0x12B)
[0623/230654.680:WARNING:pe_image_reader.cc(340)] could not read dos header from C:\WINDOWS\System32\GDI32.dll
[0623/230654.680:ERROR:process_memory_win.cc(73)] ReadMemory at 0x7ffb44f50000 of 64 bytes failed: 仅完成部分的 ReadProcessMemory 或 WriteProcessMemory 请求。 (0x12B)
[0623/230654.680:WARNING:pe_image_reader.cc(340)] could not read dos header from C:\WINDOWS\System32\win32u.dll
[0623/230654.680:ERROR:process_memory_win.cc(73)] ReadMemory at 0x7ffb45390000 of 64 bytes failed: 仅完成部分的 ReadProcessMemory 或 WriteProcessMemory 请求。 (0x12B)
[0623/230654.680:WARNING:pe_image_reader.cc(340)] could not read dos header from C:\WINDOWS\System32\gdi32full.dll
[0623/230654.680:ERROR:process_memory_win.cc(73)] ReadMemory at 0x2cecd510000 of 64 bytes failed: 仅完成部分的 ReadProcessMemory 或 WriteProcessMemory 请求。 (0x12B)
[0623/230654.680:WARNING:pe_image_reader.cc(340)] could not read dos header from C:\WINDOWS\System32\USER32.dll
[0623/230654.680:ERROR:process_memory_win.cc(73)] ReadMemory at 0x7ffb45d50000 of 64 bytes failed: 仅完成部分的 ReadProcessMemory 或 WriteProcessMemory 请求。 (0x12B)
[0623/230654.680:WARNING:pe_image_reader.cc(340)] could not read dos header from C:\WINDOWS\System32\cryptsp.dll
[0623/230654.680:ERROR:process_memory_win.cc(73)] ReadMemory at 0x7ffb47470000 of 64 bytes failed: 仅完成部分的 ReadProcessMemory 或 WriteProcessMemory 请求。 (0x12B)
[0623/230654.680:WARNING:pe_image_reader.cc(340)] could not read dos header from C:\WINDOWS\System32\IMM32.DLL
[0623/230654.680:ERROR:process_memory_win.cc(73)] ReadMemory at 0x7ffb446c0000 of 64 bytes failed: 仅完成部分的 ReadProcessMemory 或 WriteProcessMemory 请求。 (0x12B)
[0623/230654.680:WARNING:pe_image_reader.cc(340)] could not read dos header from C:\WINDOWS\SYSTEM32\CRYPTBASE.DLL
[0623/230654.727:ERROR:process_memory_win.cc(73)] ReadMemory at 0xe7397f4000 of 49152 bytes failed: 仅完成部分的 ReadProcessMemory 或 WriteProcessMemory 请求。 (0x12B)
[0623/230654.727:ERROR:process_memory_win.cc(73)] ReadMemory at 0xe739ffd000 of 12288 bytes failed: 仅完成部分的 ReadProcessMemory 或 WriteProcessMemory 请求。 (0x12B)
[0623/230654.727:ERROR:process_memory_win.cc(73)] ReadMemory at 0xe73a7f9000 of 28672 bytes failed: 仅完成部分的 ReadProcessMemory 或 WriteProcessMemory 请求。 (0x12B)
[0623/230654.727:ERROR:process_memory_win.cc(73)] ReadMemory at 0xe73affd000 of 12288 bytes failed: 仅完成部分的 ReadProcessMemory 或 WriteProcessMemory 请求。 (0x12B)
[0623/230654.727:ERROR:process_memory_win.cc(73)] ReadMemory at 0xe73b7fc000 of 16384 bytes failed: 仅完成部分的 ReadProcessMemory 或 WriteProcessMemory 请求。 (0x12B)
[0623/230654.727:ERROR:process_memory_win.cc(73)] ReadMemory at 0xe73bfff000 of 4096 bytes failed: 仅完成部分的 ReadProcessMemory 或 WriteProcessMemory 请求。 (0x12B)
[0623/230654.727:ERROR:process_memory_win.cc(73)] ReadMemory at 0xe73c7fd000 of 12288 bytes failed: 仅完成部分的 ReadProcessMemory 或 WriteProcessMemory 请求。 (0x12B)
[0623/230654.727:ERROR:process_memory_win.cc(73)] ReadMemory at 0xe73cffb000 of 20480 bytes failed: 仅完成部分的 ReadProcessMemory 或 WriteProcessMemory 请求。 (0x12B)
[0623/230654.727:ERROR:process_memory_win.cc(73)] ReadMemory at 0xe73d7fd000 of 12288 bytes failed: 仅完成部分的 ReadProcessMemory 或 WriteProcessMemory 请求。 (0x12B)
[0623/230654.727:ERROR:process_memory_win.cc(73)] ReadMemory at 0xe73dffd000 of 12288 bytes failed: 仅完成部分的 ReadProcessMemory 或 WriteProcessMemory 请求。 (0x12B)
[0623/230654.727:ERROR:process_memory_win.cc(73)] ReadMemory at 0xe73e7fd000 of 12288 bytes failed: 仅完成部分的 ReadProcessMemory 或 WriteProcessMemory 请求。 (0x12B)
[0623/230654.727:ERROR:process_memory_win.cc(73)] ReadMemory at 0xe73effd000 of 12288 bytes failed: 仅完成部分的 ReadProcessMemory 或 WriteProcessMemory 请求。 (0x12B)
[0623/230654.727:ERROR:process_memory_win.cc(73)] ReadMemory at 0xe73f7fd000 of 12288 bytes failed: 仅完成部分的 ReadProcessMemory 或 WriteProcessMemory 请求。 (0x12B)
[0623/230654.727:ERROR:process_memory_win.cc(73)] ReadMemory at 0xe73fffd000 of 12288 bytes failed: 仅完成部分的 ReadProcessMemory 或 WriteProcessMemory 请求。 (0x12B)
[0623/230654.727:ERROR:process_memory_win.cc(73)] ReadMemory at 0xe7407fd000 of 12288 bytes failed: 仅完成部分的 ReadProcessMemory 或 WriteProcessMemory 请求。 (0x12B)
[0623/230654.727:ERROR:process_memory_win.cc(73)] ReadMemory at 0xe740ffc000 of 16384 bytes failed: 仅完成部分的 ReadProcessMemory 或 WriteProcessMemory 请求。 (0x12B)
[0623/230654.727:ERROR:process_memory_win.cc(73)] ReadMemory at 0xe7417fd000 of 12288 bytes failed: 仅完成部分的 ReadProcessMemory 或 WriteProcessMemory 请求。 (0x12B)
[0623/230654.727:ERROR:process_memory_win.cc(73)] ReadMemory at 0xe741ffb000 of 20480 bytes failed: 仅完成部分的 ReadProcessMemory 或 WriteProcessMemory 请求。 (0x12B)
[0623/230654.727:ERROR:process_memory_win.cc(73)] ReadMemory at 0xe7420fe000 of 8192 bytes failed: 仅完成部分的 ReadProcessMemory 或 WriteProcessMemory 请求。 (0x12B)
[0623/230654.727:ERROR:process_memory_win.cc(73)] ReadMemory at 0xe738fa4000 of 852 bytes failed: 仅完成部分的 ReadProcessMemory 或 WriteProcessMemory 请求。 (0x12B)
[0623/230654.727:ERROR:process_memory_win.cc(73)] ReadMemory at 0xe738fa5000 of 6024 bytes failed: 仅完成部分的 ReadProcessMemory 或 WriteProcessMemory 请求。 (0x12B)
[0623/230654.727:ERROR:process_memory_win.cc(73)] ReadMemory at 0xe738fa7000 of 6024 bytes failed: 仅完成部分的 ReadProcessMemory 或 WriteProcessMemory 请求。 (0x12B)
[0623/230654.727:ERROR:process_memory_win.cc(73)] ReadMemory at 0xe738fa9000 of 6024 bytes failed: 仅完成部分的 ReadProcessMemory 或 WriteProcessMemory 请求。 (0x12B)
[0623/230654.727:ERROR:process_memory_win.cc(73)] ReadMemory at 0xe738fab000 of 6024 bytes failed: 仅完成部分的 ReadProcessMemory 或 WriteProcessMemory 请求。 (0x12B)
[0623/230654.727:ERROR:process_memory_win.cc(73)] ReadMemory at 0xe738fad000 of 6024 bytes failed: 仅完成部分的 ReadProcessMemory 或 WriteProcessMemory 请求。 (0x12B)
[0623/230654.727:ERROR:process_memory_win.cc(73)] ReadMemory at 0xe738faf000 of 6024 bytes failed: 仅完成部分的 ReadProcessMemory 或 WriteProcessMemory 请求。 (0x12B)
[0623/230654.727:ERROR:process_memory_win.cc(73)] ReadMemory at 0xe738fb1000 of 6024 bytes failed: 仅完成部分的 ReadProcessMemory 或 WriteProcessMemory 请求。 (0x12B)
[0623/230654.727:ERROR:process_memory_win.cc(73)] ReadMemory at 0xe738fb3000 of 6024 bytes failed: 仅完成部分的 ReadProcessMemory 或 WriteProcessMemory 请求。 (0x12B)
[0623/230654.727:ERROR:process_memory_win.cc(73)] ReadMemory at 0xe738fb5000 of 6024 bytes failed: 仅完成部分的 ReadProcessMemory 或 WriteProcessMemory 请求。 (0x12B)
[0623/230654.727:ERROR:process_memory_win.cc(73)] ReadMemory at 0xe738fb7000 of 6024 bytes failed: 仅完成部分的 ReadProcessMemory 或 WriteProcessMemory 请求。 (0x12B)
[0623/230654.727:ERROR:process_memory_win.cc(73)] ReadMemory at 0xe738fb9000 of 6024 bytes failed: 仅完成部分的 ReadProcessMemory 或 WriteProcessMemory 请求。 (0x12B)
[0623/230654.727:ERROR:process_memory_win.cc(73)] ReadMemory at 0xe738fbb000 of 6024 bytes failed: 仅完成部分的 ReadProcessMemory 或 WriteProcessMemory 请求。 (0x12B)
[0623/230654.727:ERROR:process_memory_win.cc(73)] ReadMemory at 0xe738fbd000 of 6024 bytes failed: 仅完成部分的 ReadProcessMemory 或 WriteProcessMemory 请求。 (0x12B)
[0623/230654.727:ERROR:process_memory_win.cc(73)] ReadMemory at 0xe738fbf000 of 6024 bytes failed: 仅完成部分的 ReadProcessMemory 或 WriteProcessMemory 请求。 (0x12B)
[0623/230654.727:ERROR:process_memory_win.cc(73)] ReadMemory at 0xe738fc1000 of 6024 bytes failed: 仅完成部分的 ReadProcessMemory 或 WriteProcessMemory 请求。 (0x12B)
[0623/230654.727:ERROR:process_memory_win.cc(73)] ReadMemory at 0xe738fc3000 of 6024 bytes failed: 仅完成部分的 ReadProcessMemory 或 WriteProcessMemory 请求。 (0x12B)
[0623/230654.727:ERROR:process_memory_win.cc(73)] ReadMemory at 0xe738fc5000 of 6024 bytes failed: 仅完成部分的 ReadProcessMemory 或 WriteProcessMemory 请求。 (0x12B)
[0623/230654.727:ERROR:process_memory_win.cc(73)] ReadMemory at 0xe738fc7000 of 6024 bytes failed: 仅完成部分的 ReadProcessMemory 或 WriteProcessMemory 请求。 (0x12B)
[0623/230654.727:ERROR:process_memory_win.cc(73)] ReadMemory at 0xe738fc9000 of 6024 bytes failed: 仅完成部分的 ReadProcessMemory 或 WriteProcessMemory 请求。 (0x12B)
[0623/230654.727:ERROR:process_memory_win.cc(73)] ReadMemory at 0x2cecb9a0780 of 146 bytes failed: 仅完成部分的 ReadProcessMemory 或 WriteProcessMemory 请求。 (0x12B)
[0623/230654.727:ERROR:process_memory_win.cc(73)] ReadMemory at 0x2cecb9a0fe0 of 8236 bytes failed: 仅完成部分的 ReadProcessMemory 或 WriteProcessMemory 请求。 (0x12B)
[0623/230654.727:ERROR:process_memory_win.cc(73)] ReadMemory at 0x2cecb9a3020 of 1012 bytes failed: 仅完成部分的 ReadProcessMemory 或 WriteProcessMemory 请求。 (0x12B)
[0623/230654.727:ERROR:process_memory_win.cc(73)] ReadMemory at 0x2cecb9a3668 of 118 bytes failed: 仅完成部分的 ReadProcessMemory 或 WriteProcessMemory 请求。 (0x12B)
[0623/230654.727:ERROR:process_memory_win.cc(73)] ReadMemory at 0x2cecb9a36e0 of 1264 bytes failed: 仅完成部分的 ReadProcessMemory 或 WriteProcessMemory 请求。 (0x12B)
[0623/230654.727:ERROR:process_memory_win.cc(73)] ReadMemory at 0x2cecb9a3bd2 of 118 bytes failed: 仅完成部分的 ReadProcessMemory 或 WriteProcessMemory 请求。 (0x12B)
[0623/230654.727:ERROR:process_memory_win.cc(73)] ReadMemory at 0x2cecb9a3c4a of 102 bytes failed: 仅完成部分的 ReadProcessMemory 或 WriteProcessMemory 请求。 (0x12B)
[0623/230654.727:ERROR:process_memory_win.cc(73)] ReadMemory at 0x2cecb9a3cc0 of 58 bytes failed: 仅完成部分的 ReadProcessMemory 或 WriteProcessMemory 请求。 (0x12B)
[0623/230654.727:ERROR:process_memory_win.cc(73)] ReadMemory at 0x2cecb9a3dc0 of 132 bytes failed: 仅完成部分的 ReadProcessMemory 或 WriteProcessMemory 请求。 (0x12B)
[0623/230654.727:ERROR:process_memory_win.cc(73)] ReadMemory at 0x2cecb9a3f50 of 132 bytes failed: 仅完成部分的 ReadProcessMemory 或 WriteProcessMemory 请求。 (0x12B)
[0623/230654.727:ERROR:process_memory_win.cc(73)] ReadMemory at 0x2cecb9a4110 of 126 bytes failed: 仅完成部分的 ReadProcessMemory 或 WriteProcessMemory 请求。 (0x12B)
[0623/230654.727:ERROR:process_memory_win.cc(73)] ReadMemory at 0x2cecb9a44f0 of 132 bytes failed: 仅完成部分的 ReadProcessMemory 或 WriteProcessMemory 请求。 (0x12B)
[0623/230654.727:ERROR:process_memory_win.cc(73)] ReadMemory at 0x2cecb9a4680 of 64 bytes failed: 仅完成部分的 ReadProcessMemory 或 WriteProcessMemory 请求。 (0x12B)
[0623/230654.727:ERROR:process_memory_win.cc(73)] ReadMemory at 0x2cecb9a47b0 of 132 bytes failed: 仅完成部分的 ReadProcessMemory 或 WriteProcessMemory 请求。 (0x12B)
[0623/230654.727:ERROR:process_memory_win.cc(73)] ReadMemory at 0x2cecb9a4ae0 of 132 bytes failed: 仅完成部分的 ReadProcessMemory 或 WriteProcessMemory 请求。 (0x12B)
[0623/230654.727:ERROR:process_memory_win.cc(73)] ReadMemory at 0x2cecb9a4c70 of 68 bytes failed: 仅完成部分的 ReadProcessMemory 或 WriteProcessMemory 请求。 (0x12B)
[0623/230654.727:ERROR:process_memory_win.cc(73)] ReadMemory at 0x2cecb9a5e70 of 132 bytes failed: 仅完成部分的 ReadProcessMemory 或 WriteProcessMemory 请求。 (0x12B)
[0623/230654.727:ERROR:process_memory_win.cc(73)] ReadMemory at 0x2cecb9a5fd0 of 154 bytes failed: 仅完成部分的 ReadProcessMemory 或 WriteProcessMemory 请求。 (0x12B)
[0623/230654.727:ERROR:process_memory_win.cc(73)] ReadMemory at 0x2cecb9a6c4c of 512 bytes failed: 仅完成部分的 ReadProcessMemory 或 WriteProcessMemory 请求。 (0x12B)
[0623/230654.727:ERROR:process_memory_win.cc(73)] ReadMemory at 0x2cecb9a8930 of 60 bytes failed: 仅完成部分的 ReadProcessMemory 或 WriteProcessMemory 请求。 (0x12B)
[0623/230654.727:ERROR:process_memory_win.cc(73)] ReadMemory at 0x2cecb9a8980 of 62 bytes failed: 仅完成部分的 ReadProcessMemory 或 WriteProcessMemory 请求。 (0x12B)
[0623/230654.727:ERROR:process_memory_win.cc(73)] ReadMemory at 0x2cecb9a89d0 of 132 bytes failed: 仅完成部分的 ReadProcessMemory 或 WriteProcessMemory 请求。 (0x12B)
[0623/230654.727:ERROR:process_memory_win.cc(73)] ReadMemory at 0x2cecb9a8b70 of 132 bytes failed: 仅完成部分的 ReadProcessMemory 或 WriteProcessMemory 请求。 (0x12B)
[0623/230654.727:ERROR:process_memory_win.cc(73)] ReadMemory at 0x2cecb9a9c40 of 132 bytes failed: 仅完成部分的 ReadProcessMemory 或 WriteProcessMemory 请求。 (0x12B)
[0623/230654.727:ERROR:process_memory_win.cc(73)] ReadMemory at 0x2cecb9a9dd0 of 80 bytes failed: 仅完成部分的 ReadProcessMemory 或 WriteProcessMemory 请求。 (0x12B)
[0623/230654.727:ERROR:process_memory_win.cc(73)] ReadMemory at 0x2cecb9ac700 of 78 bytes failed: 仅完成部分的 ReadProcessMemory 或 WriteProcessMemory 请求。 (0x12B)
[0623/230654.727:ERROR:process_memory_win.cc(73)] ReadMemory at 0x2cecb9ace20 of 80 bytes failed: 仅完成部分的 ReadProcessMemory 或 WriteProcessMemory 请求。 (0x12B)
[0623/230654.727:ERROR:process_memory_win.cc(73)] ReadMemory at 0x2cecb9ad1e0 of 76 bytes failed: 仅完成部分的 ReadProcessMemory 或 WriteProcessMemory 请求。 (0x12B)
[0623/230654.727:ERROR:process_memory_win.cc(73)] ReadMemory at 0x2cecb9b0040 of 54 bytes failed: 仅完成部分的 ReadProcessMemory 或 WriteProcessMemory 请求。 (0x12B)
[0623/230654.727:ERROR:process_memory_win.cc(73)] ReadMemory at 0x2cecb9b0680 of 132 bytes failed: 仅完成部分的 ReadProcessMemory 或 WriteProcessMemory 请求。 (0x12B)
[0623/230654.727:ERROR:process_memory_win.cc(73)] ReadMemory at 0x2cecb9b07b0 of 132 bytes failed: 仅完成部分的 ReadProcessMemory 或 WriteProcessMemory 请求。 (0x12B)
[0623/230654.727:ERROR:process_memory_win.cc(73)] ReadMemory at 0x2cecb9b0b10 of 132 bytes failed: 仅完成部分的 ReadProcessMemory 或 WriteProcessMemory 请求。 (0x12B)
[0623/230654.727:ERROR:process_memory_win.cc(73)] ReadMemory at 0x2cecb9b0d20 of 132 bytes failed: 仅完成部分的 ReadProcessMemory 或 WriteProcessMemory 请求。 (0x12B)
[0623/230654.727:ERROR:process_memory_win.cc(73)] ReadMemory at 0x2cecb9b11b0 of 132 bytes failed: 仅完成部分的 ReadProcessMemory 或 WriteProcessMemory 请求。 (0x12B)
[0623/230654.727:ERROR:process_memory_win.cc(73)] ReadMemory at 0x2cecb9b15f0 of 60 bytes failed: 仅完成部分的 ReadProcessMemory 或 WriteProcessMemory 请求。 (0x12B)
[0623/230654.727:ERROR:process_memory_win.cc(73)] ReadMemory at 0x2cecb9b16e0 of 60 bytes failed: 仅完成部分的 ReadProcessMemory 或 WriteProcessMemory 请求。 (0x12B)
[0623/230654.727:ERROR:process_memory_win.cc(73)] ReadMemory at 0x2cecb9b1730 of 64 bytes failed: 仅完成部分的 ReadProcessMemory 或 WriteProcessMemory 请求。 (0x12B)
[0623/230654.727:ERROR:process_memory_win.cc(73)] ReadMemory at 0x2cecb9b17d0 of 66 bytes failed: 仅完成部分的 ReadProcessMemory 或 WriteProcessMemory 请求。 (0x12B)
[0623/230654.727:ERROR:process_memory_win.cc(73)] ReadMemory at 0x2cecb9b1820 of 62 bytes failed: 仅完成部分的 ReadProcessMemory 或 WriteProcessMemory 请求。 (0x12B)
[0623/230654.727:ERROR:process_memory_win.cc(73)] ReadMemory at 0x2cecb9b1870 of 64 bytes failed: 仅完成部分的 ReadProcessMemory 或 WriteProcessMemory 请求。 (0x12B)
[0623/230654.727:ERROR:process_memory_win.cc(73)] ReadMemory at 0x2cecb9b18c0 of 64 bytes failed: 仅完成部分的 ReadProcessMemory 或 WriteProcessMemory 请求。 (0x12B)
[0623/230654.727:ERROR:process_memory_win.cc(73)] ReadMemory at 0x2cecb9b1a50 of 62 bytes failed: 仅完成部分的 ReadProcessMemory 或 WriteProcessMemory 请求。 (0x12B)
[0623/230654.727:ERROR:process_memory_win.cc(73)] ReadMemory at 0x2cecb9b1b40 of 64 bytes failed: 仅完成部分的 ReadProcessMemory 或 WriteProcessMemory 请求。 (0x12B)
[0623/230654.727:ERROR:process_memory_win.cc(73)] ReadMemory at 0x2cecb9b25c0 of 132 bytes failed: 仅完成部分的 ReadProcessMemory 或 WriteProcessMemory 请求。 (0x12B)
[0623/230654.727:ERROR:process_memory_win.cc(73)] ReadMemory at 0x2cecb9b26f0 of 132 bytes failed: 仅完成部分的 ReadProcessMemory 或 WriteProcessMemory 请求。 (0x12B)
[0623/230654.727:ERROR:process_memory_win.cc(73)] ReadMemory at 0x2cecb9b4880 of 132 bytes failed: 仅完成部分的 ReadProcessMemory 或 WriteProcessMemory 请求。 (0x12B)
[0623/230654.727:ERROR:process_memory_win.cc(73)] ReadMemory at 0x2cecb9b6420 of 132 bytes failed: 仅完成部分的 ReadProcessMemory 或 WriteProcessMemory 请求。 (0x12B)
[0623/230654.727:ERROR:process_memory_win.cc(73)] ReadMemory at 0x2cecb9b6550 of 132 bytes failed: 仅完成部分的 ReadProcessMemory 或 WriteProcessMemory 请求。 (0x12B)
[0623/230654.727:ERROR:process_memory_win.cc(73)] ReadMemory at 0x2cecb9b6680 of 132 bytes failed: 仅完成部分的 ReadProcessMemory 或 WriteProcessMemory 请求。 (0x12B)
[0623/230654.727:ERROR:process_memory_win.cc(73)] ReadMemory at 0x2cecb9b67b0 of 132 bytes failed: 仅完成部分的 ReadProcessMemory 或 WriteProcessMemory 请求。 (0x12B)
[0623/230654.727:ERROR:process_memory_win.cc(73)] ReadMemory at 0x2cecb9b68e0 of 132 bytes failed: 仅完成部分的 ReadProcessMemory 或 WriteProcessMemory 请求。 (0x12B)
[0623/230654.727:ERROR:process_memory_win.cc(73)] ReadMemory at 0x2cecb9b6a10 of 132 bytes failed: 仅完成部分的 ReadProcessMemory 或 WriteProcessMemory 请求。 (0x12B)
[0623/230654.727:ERROR:process_memory_win.cc(73)] ReadMemory at 0x2cecb9b6b40 of 132 bytes failed: 仅完成部分的 ReadProcessMemory 或 WriteProcessMemory 请求。 (0x12B)
[0623/230654.727:ERROR:process_memory_win.cc(73)] ReadMemory at 0x2cecb9b6c70 of 132 bytes failed: 仅完成部分的 ReadProcessMemory 或 WriteProcessMemory 请求。 (0x12B)
[0623/230654.727:ERROR:process_memory_win.cc(73)] ReadMemory at 0x2cecb9b6da0 of 132 bytes failed: 仅完成部分的 ReadProcessMemory 或 WriteProcessMemory 请求。 (0x12B)
[0623/230654.727:ERROR:process_memory_win.cc(73)] ReadMemory at 0x2cecb9b6ed0 of 132 bytes failed: 仅完成部分的 ReadProcessMemory 或 WriteProcessMemory 请求。 (0x12B)
[0623/230654.727:ERROR:process_memory_win.cc(73)] ReadMemory at 0x2cecb9b7000 of 132 bytes failed: 仅完成部分的 ReadProcessMemory 或 WriteProcessMemory 请求。 (0x12B)
[0623/230654.727:ERROR:process_memory_win.cc(73)] ReadMemory at 0x2cecb9b7130 of 132 bytes failed: 仅完成部分的 ReadProcessMemory 或 WriteProcessMemory 请求。 (0x12B)
[0623/230654.727:ERROR:process_memory_win.cc(73)] ReadMemory at 0x2cecb9b7810 of 62 bytes failed: 仅完成部分的 ReadProcessMemory 或 WriteProcessMemory 请求。 (0x12B)
[0623/230654.743:ERROR:process_memory_win.cc(73)] ReadMemory at 0x2cecb9b7860 of 64 bytes failed: 仅完成部分的 ReadProcessMemory 或 WriteProcessMemory 请求。 (0x12B)
[0623/230654.743:ERROR:process_memory_win.cc(73)] ReadMemory at 0x2cecb9b78b0 of 62 bytes failed: 仅完成部分的 ReadProcessMemory 或 WriteProcessMemory 请求。 (0x12B)
[0623/230654.743:ERROR:process_memory_win.cc(73)] ReadMemory at 0x2cecb9b7900 of 62 bytes failed: 仅完成部分的 ReadProcessMemory 或 WriteProcessMemory 请求。 (0x12B)
[0623/230654.743:ERROR:process_memory_win.cc(73)] ReadMemory at 0x2cecb9b7950 of 60 bytes failed: 仅完成部分的 ReadProcessMemory 或 WriteProcessMemory 请求。 (0x12B)
[0623/230654.743:ERROR:process_memory_win.cc(73)] ReadMemory at 0x2cecb9b79a0 of 64 bytes failed: 仅完成部分的 ReadProcessMemory 或 WriteProcessMemory 请求。 (0x12B)
[0623/230654.743:ERROR:process_memory_win.cc(73)] ReadMemory at 0x2cecb9b79f0 of 64 bytes failed: 仅完成部分的 ReadProcessMemory 或 WriteProcessMemory 请求。 (0x12B)
[0623/230654.743:ERROR:process_memory_win.cc(73)] ReadMemory at 0x2cecb9b7a40 of 62 bytes failed: 仅完成部分的 ReadProcessMemory 或 WriteProcessMemory 请求。 (0x12B)
[0623/230654.743:ERROR:process_memory_win.cc(73)] ReadMemory at 0x2cecb9b7e00 of 64 bytes failed: 仅完成部分的 ReadProcessMemory 或 WriteProcessMemory 请求。 (0x12B)
[0623/230654.743:ERROR:process_memory_win.cc(73)] ReadMemory at 0x2cecb9b7e50 of 62 bytes failed: 仅完成部分的 ReadProcessMemory 或 WriteProcessMemory 请求。 (0x12B)
[0623/230654.743:ERROR:process_memory_win.cc(73)] ReadMemory at 0x2cecb9b81c0 of 60 bytes failed: 仅完成部分的 ReadProcessMemory 或 WriteProcessMemory 请求。 (0x12B)
[0623/230654.743:ERROR:process_memory_win.cc(73)] ReadMemory at 0x2cecb9b8260 of 60 bytes failed: 仅完成部分的 ReadProcessMemory 或 WriteProcessMemory 请求。 (0x12B)
[0623/230654.743:ERROR:process_memory_win.cc(73)] ReadMemory at 0x2cecb9b8300 of 62 bytes failed: 仅完成部分的 ReadProcessMemory 或 WriteProcessMemory 请求。 (0x12B)
[0623/230654.743:ERROR:process_memory_win.cc(73)] ReadMemory at 0x2cecb9b8350 of 60 bytes failed: 仅完成部分的 ReadProcessMemory 或 WriteProcessMemory 请求。 (0x12B)
[0623/230654.743:ERROR:process_memory_win.cc(73)] ReadMemory at 0x2cecb9b83f0 of 62 bytes failed: 仅完成部分的 ReadProcessMemory 或 WriteProcessMemory 请求。 (0x12B)
[0623/230654.743:ERROR:process_memory_win.cc(73)] ReadMemory at 0x2cecb9b84e0 of 58 bytes failed: 仅完成部分的 ReadProcessMemory 或 WriteProcessMemory 请求。 (0x12B)
[0623/230654.743:ERROR:process_memory_win.cc(73)] ReadMemory at 0x2cecb9b85d0 of 66 bytes failed: 仅完成部分的 ReadProcessMemory 或 WriteProcessMemory 请求。 (0x12B)
[0623/230654.743:ERROR:process_memory_win.cc(73)] ReadMemory at 0x2cecb9b86c0 of 62 bytes failed: 仅完成部分的 ReadProcessMemory 或 WriteProcessMemory 请求。 (0x12B)
[0623/230654.743:ERROR:process_memory_win.cc(73)] ReadMemory at 0x2cecb9b87d0 of 132 bytes failed: 仅完成部分的 ReadProcessMemory 或 WriteProcessMemory 请求。 (0x12B)
[0623/230654.743:ERROR:process_memory_win.cc(73)] ReadMemory at 0x2cecb9b8900 of 132 bytes failed: 仅完成部分的 ReadProcessMemory 或 WriteProcessMemory 请求。 (0x12B)
[0623/230654.743:ERROR:process_memory_win.cc(73)] ReadMemory at 0x2cecb9b8a30 of 132 bytes failed: 仅完成部分的 ReadProcessMemory 或 WriteProcessMemory 请求。 (0x12B)
[0623/230654.743:ERROR:process_memory_win.cc(73)] ReadMemory at 0x2cecb9b8b60 of 132 bytes failed: 仅完成部分的 ReadProcessMemory 或 WriteProcessMemory 请求。 (0x12B)
[0623/230654.743:ERROR:process_memory_win.cc(73)] ReadMemory at 0x2cecb9b8dc0 of 132 bytes failed: 仅完成部分的 ReadProcessMemory 或 WriteProcessMemory 请求。 (0x12B)
[0623/230654.743:ERROR:process_memory_win.cc(73)] ReadMemory at 0x2cecb9b93b0 of 132 bytes failed: 仅完成部分的 ReadProcessMemory 或 WriteProcessMemory 请求。 (0x12B)
[0623/230654.743:ERROR:process_memory_win.cc(73)] ReadMemory at 0x2cecb9b94e0 of 132 bytes failed: 仅完成部分的 ReadProcessMemory 或 WriteProcessMemory 请求。 (0x12B)
[0623/230654.743:ERROR:process_memory_win.cc(73)] ReadMemory at 0x2cecb9b9610 of 132 bytes failed: 仅完成部分的 ReadProcessMemory 或 WriteProcessMemory 请求。 (0x12B)
[0623/230654.743:ERROR:process_memory_win.cc(73)] ReadMemory at 0x2cecb9b9740 of 132 bytes failed: 仅完成部分的 ReadProcessMemory 或 WriteProcessMemory 请求。 (0x12B)
[0623/230654.743:ERROR:process_memory_win.cc(73)] ReadMemory at 0x2cecb9b9870 of 132 bytes failed: 仅完成部分的 ReadProcessMemory 或 WriteProcessMemory 请求。 (0x12B)
[0623/230654.743:ERROR:process_memory_win.cc(73)] ReadMemory at 0x2cecb9b99a0 of 132 bytes failed: 仅完成部分的 ReadProcessMemory 或 WriteProcessMemory 请求。 (0x12B)
[0623/230654.743:ERROR:process_memory_win.cc(73)] ReadMemory at 0x2cecb9b9ad0 of 132 bytes failed: 仅完成部分的 ReadProcessMemory 或 WriteProcessMemory 请求。 (0x12B)
[0623/230654.743:ERROR:process_memory_win.cc(73)] ReadMemory at 0x2cecb9b9c00 of 132 bytes failed: 仅完成部分的 ReadProcessMemory 或 WriteProcessMemory 请求。 (0x12B)
[0623/230654.743:ERROR:process_memory_win.cc(73)] ReadMemory at 0x2cecb9b9d30 of 132 bytes failed: 仅完成部分的 ReadProcessMemory 或 WriteProcessMemory 请求。 (0x12B)
[0623/230654.743:ERROR:process_memory_win.cc(73)] ReadMemory at 0x2cecb9b9e60 of 132 bytes failed: 仅完成部分的 ReadProcessMemory 或 WriteProcessMemory 请求。 (0x12B)
[0623/230654.743:ERROR:process_memory_win.cc(73)] ReadMemory at 0x2cecb9b9f90 of 132 bytes failed: 仅完成部分的 ReadProcessMemory 或 WriteProcessMemory 请求。 (0x12B)
[0623/230654.743:ERROR:process_memory_win.cc(73)] ReadMemory at 0x2cecb9ba0c0 of 132 bytes failed: 仅完成部分的 ReadProcessMemory 或 WriteProcessMemory 请求。 (0x12B)
[0623/230654.743:ERROR:process_memory_win.cc(73)] ReadMemory at 0x2cecb9ba1f0 of 132 bytes failed: 仅完成部分的 ReadProcessMemory 或 WriteProcessMemory 请求。 (0x12B)
[0623/230654.743:ERROR:process_memory_win.cc(73)] ReadMemory at 0x2cecb9ba320 of 132 bytes failed: 仅完成部分的 ReadProcessMemory 或 WriteProcessMemory 请求。 (0x12B)
[0623/230654.743:ERROR:process_memory_win.cc(73)] ReadMemory at 0x2cecb9ba450 of 132 bytes failed: 仅完成部分的 ReadProcessMemory 或 WriteProcessMemory 请求。 (0x12B)
[0623/230654.743:ERROR:process_memory_win.cc(73)] ReadMemory at 0x2cecb9ba580 of 132 bytes failed: 仅完成部分的 ReadProcessMemory 或 WriteProcessMemory 请求。 (0x12B)
[0623/230654.743:ERROR:process_memory_win.cc(73)] ReadMemory at 0x2cecb9c9550 of 62 bytes failed: 仅完成部分的 ReadProcessMemory 或 WriteProcessMemory 请求。 (0x12B)
[0623/230654.743:ERROR:process_memory_win.cc(73)] ReadMemory at 0x2cecb9c95f0 of 62 bytes failed: 仅完成部分的 ReadProcessMemory 或 WriteProcessMemory 请求。 (0x12B)
[0623/230654.743:ERROR:process_memory_win.cc(73)] ReadMemory at 0x2cecb9c96e0 of 60 bytes failed: 仅完成部分的 ReadProcessMemory 或 WriteProcessMemory 请求。 (0x12B)
[0623/230654.743:ERROR:process_memory_win.cc(73)] ReadMemory at 0x2cecb9c9a50 of 58 bytes failed: 仅完成部分的 ReadProcessMemory 或 WriteProcessMemory 请求。 (0x12B)
[0623/230654.743:ERROR:process_memory_win.cc(73)] ReadMemory at 0x2cecb9c9be0 of 66 bytes failed: 仅完成部分的 ReadProcessMemory 或 WriteProcessMemory 请求。 (0x12B)
[0623/230654.743:ERROR:process_memory_win.cc(73)] ReadMemory at 0x2cecb9c9d70 of 58 bytes failed: 仅完成部分的 ReadProcessMemory 或 WriteProcessMemory 请求。 (0x12B)
[0623/230654.743:ERROR:process_memory_win.cc(73)] ReadMemory at 0x2cecb9c9f00 of 60 bytes failed: 仅完成部分的 ReadProcessMemory 或 WriteProcessMemory 请求。 (0x12B)
[0623/230654.743:ERROR:process_memory_win.cc(73)] ReadMemory at 0x2cecb9ca040 of 64 bytes failed: 仅完成部分的 ReadProcessMemory 或 WriteProcessMemory 请求。 (0x12B)
[0623/230654.743:ERROR:process_memory_win.cc(73)] ReadMemory at 0x2cecb9ca0e0 of 62 bytes failed: 仅完成部分的 ReadProcessMemory 或 WriteProcessMemory 请求。 (0x12B)
[0623/230654.743:ERROR:process_memory_win.cc(73)] ReadMemory at 0x2cecb9ca180 of 58 bytes failed: 仅完成部分的 ReadProcessMemory 或 WriteProcessMemory 请求。 (0x12B)
[0623/230654.743:ERROR:process_memory_win.cc(73)] ReadMemory at 0x2cecb9d6d00 of 512 bytes failed: 仅完成部分的 ReadProcessMemory 或 WriteProcessMemory 请求。 (0x12B)
[0623/230654.743:ERROR:process_memory_win.cc(73)] ReadMemory at 0x2cecb9dca70 of 512 bytes failed: 仅完成部分的 ReadProcessMemory 或 WriteProcessMemory 请求。 (0x12B)
[0623/230654.743:ERROR:process_memory_win.cc(73)] ReadMemory at 0x2cecbf00dc0 of 896 bytes failed: 仅完成部分的 ReadProcessMemory 或 WriteProcessMemory 请求。 (0x12B)
[0623/230654.743:ERROR:process_memory_win.cc(73)] ReadMemory at 0x2cecbf01e40 of 512 bytes failed: 仅完成部分的 ReadProcessMemory 或 WriteProcessMemory 请求。 (0x12B)
[0623/230654.743:ERROR:process_memory_win.cc(73)] ReadMemory at 0x2cecbfd50f0 of 512 bytes failed: 仅完成部分的 ReadProcessMemory 或 WriteProcessMemory 请求。 (0x12B)
[0623/230654.743:ERROR:process_memory_win.cc(73)] ReadMemory at 0x2cecbffc7d0 of 520 bytes failed: 仅完成部分的 ReadProcessMemory 或 WriteProcessMemory 请求。 (0x12B)
[0623/230654.743:ERROR:process_memory_win.cc(73)] ReadMemory at 0x2cecc0005a0 of 712 bytes failed: 仅完成部分的 ReadProcessMemory 或 WriteProcessMemory 请求。 (0x12B)
[0623/230654.743:ERROR:process_memory_win.cc(73)] ReadMemory at 0x2cecc002060 of 512 bytes failed: 仅完成部分的 ReadProcessMemory 或 WriteProcessMemory 请求。 (0x12B)
[0623/230654.743:ERROR:process_memory_win.cc(73)] ReadMemory at 0x2cecc02e3e0 of 512 bytes failed: 仅完成部分的 ReadProcessMemory 或 WriteProcessMemory 请求。 (0x12B)
[0623/230654.743:ERROR:process_memory_win.cc(73)] ReadMemory at 0x2cecc07fef0 of 512 bytes failed: 仅完成部分的 ReadProcessMemory 或 WriteProcessMemory 请求。 (0x12B)
[0623/230654.743:ERROR:process_memory_win.cc(73)] ReadMemory at 0x2cecd9e0000 of 384 bytes failed: 仅完成部分的 ReadProcessMemory 或 WriteProcessMemory 请求。 (0x12B)
[0623/230654.743:ERROR:process_memory_win.cc(73)] ReadMemory at 0x2cecda21470 of 512 bytes failed: 仅完成部分的 ReadProcessMemory 或 WriteProcessMemory 请求。 (0x12B)
[0623/230654.743:ERROR:process_memory_win.cc(73)] ReadMemory at 0x2cecdefff80 of 512 bytes failed: 仅完成部分的 ReadProcessMemory 或 WriteProcessMemory 请求。 (0x12B)
[0623/230654.743:ERROR:process_memory_win.cc(73)] ReadMemory at 0x2cece062de0 of 512 bytes failed: 仅完成部分的 ReadProcessMemory 或 WriteProcessMemory 请求。 (0x12B)
[0623/230654.743:ERROR:process_memory_win.cc(73)] ReadMemory at 0x64131f689668 of 512 bytes failed: 仅完成部分的 ReadProcessMemory 或 WriteProcessMemory 请求。 (0x12B)
[0623/230654.743:ERROR:process_memory_win.cc(73)] ReadMemory at 0x7ffafd1bc170 of 512 bytes failed: 仅完成部分的 ReadProcessMemory 或 WriteProcessMemory 请求。 (0x12B)
[0623/230654.743:ERROR:process_memory_win.cc(73)] ReadMemory at 0x7ffaff8b8cdc of 512 bytes failed: 仅完成部分的 ReadProcessMemory 或 WriteProcessMemory 请求。 (0x12B)
[0623/230654.743:ERROR:process_memory_win.cc(73)] ReadMemory at 0x7ffb007e67d1 of 512 bytes failed: 仅完成部分的 ReadProcessMemory 或 WriteProcessMemory 请求。 (0x12B)
[0623/230654.743:ERROR:process_memory_win.cc(73)] ReadMemory at 0x7ffb048bf91f of 512 bytes failed: 仅完成部分的 ReadProcessMemory 或 WriteProcessMemory 请求。 (0x12B)
[0623/230654.743:ERROR:process_memory_win.cc(73)] ReadMemory at 0x7ffb04a3a568 of 512 bytes failed: 仅完成部分的 ReadProcessMemory 或 WriteProcessMemory 请求。 (0x12B)
[0623/230654.743:ERROR:process_memory_win.cc(73)] ReadMemory at 0x7ffb451ec6e0 of 512 bytes failed: 仅完成部分的 ReadProcessMemory 或 WriteProcessMemory 请求。 (0x12B)
[0623/230654.743:ERROR:process_memory_win.cc(73)] ReadMemory at 0x7ffb47e5c074 of 832 bytes failed: 仅完成部分的 ReadProcessMemory 或 WriteProcessMemory 请求。 (0x12B)
[0623/230654.743:ERROR:process_memory_win.cc(73)] ReadMemory at 0x7ffb47e5c674 of 512 bytes failed: 仅完成部分的 ReadProcessMemory 或 WriteProcessMemory 请求。 (0x12B)
[0623/230654.743:ERROR:process_memory_win.cc(73)] ReadMemory at 0x7ffb47e5f924 of 608 bytes failed: 仅完成部分的 ReadProcessMemory 或 WriteProcessMemory 请求。 (0x12B)
[0623/230654.743:ERROR:process_memory_win.cc(73)] ReadMemory at 0x7ffb47eec428 of 18 bytes failed: 仅完成部分的 ReadProcessMemory 或 WriteProcessMemory 请求。 (0x12B)
[0623/230654.743:ERROR:process_memory_win.cc(73)] ReadMemory at 0x7ffb47f1f4f8 of 40 bytes failed: 仅完成部分的 ReadProcessMemory 或 WriteProcessMemory 请求。 (0x12B)
[0623/230654.743:ERROR:process_memory_win.cc(73)] ReadMemory at 0x7ffb47f1f978 of 48 bytes failed: 仅完成部分的 ReadProcessMemory 或 WriteProcessMemory 请求。 (0x12B)
[0623/230654.743:ERROR:process_memory_win.cc(73)] ReadMemory at 0x7ffb47f253c0 of 64 bytes failed: 仅完成部分的 ReadProcessMemory 或 WriteProcessMemory 请求。 (0x12B)
[0623/230654.743:ERROR:file_io_win.cc(161)] CreateFile C:\Users\存寤\AppData\Local\Temp\scoped_dir27112_1513081241\Crashpad\settings.dat: 系统找不到指定的文件。 (0x2)
[0623/230654.743:ERROR:scoped_process_suspend.cc(40)] NtResumeProcess: 已尝试访问正在退出的过程。 (0xc000010a)
